<?xml version="1.0" encoding="UTF-8"?>
<testsuites>
  <testsuite name="/Users/stephanie/Documents/code/Codex/phpunit.xml" tests="70" assertions="238" errors="0" failures="5" skipped="0" time="6.238415">
    <testsuite name="Unit" tests="32" assertions="108" errors="0" failures="3" skipped="0" time="1.222788">
      <testsuite name="Tests\Unit\ExampleTest" file="/Users/stephanie/Documents/code/Codex/tests/Unit/ExampleTest.php" tests="1" assertions="1" errors="0" failures="0" skipped="0" time="0.000231">
        <testcase name="test_that_true_is_true" file="/Users/stephanie/Documents/code/Codex/tests/Unit/ExampleTest.php" line="12" class="Tests\Unit\ExampleTest" classname="Tests.Unit.ExampleTest" assertions="1" time="0.000231"/>
      </testsuite>
      <testsuite name="Tests\Unit\Models\LocalizedAttributesTest" file="/Users/stephanie/Documents/code/Codex/tests/Unit/Models/LocalizedAttributesTest.php" tests="2" assertions="3" errors="0" failures="0" skipped="0" time="0.283904">
        <testcase name="test_model_attribute_uses_current_locale_when_translation_exists" file="/Users/stephanie/Documents/code/Codex/tests/Unit/Models/LocalizedAttributesTest.php" line="14" class="Tests\Unit\Models\LocalizedAttributesTest" classname="Tests.Unit.Models.LocalizedAttributesTest" assertions="2" time="0.273094"/>
        <testcase name="test_model_attribute_falls_back_to_base_value_when_translation_is_missing" file="/Users/stephanie/Documents/code/Codex/tests/Unit/Models/LocalizedAttributesTest.php" line="38" class="Tests\Unit\Models\LocalizedAttributesTest" classname="Tests.Unit.Models.LocalizedAttributesTest" assertions="1" time="0.010810"/>
      </testsuite>
      <testsuite name="Tests\Unit\Services\BattleServiceTest" file="/Users/stephanie/Documents/code/Codex/tests/Unit/Services/BattleServiceTest.php" tests="3" assertions="7" errors="0" failures="0" skipped="0" time="0.227255">
        <testcase name="test_calculate_damage_uses_expected_formula" file="/Users/stephanie/Documents/code/Codex/tests/Unit/Services/BattleServiceTest.php" line="16" class="Tests\Unit\Services\BattleServiceTest" classname="Tests.Unit.Services.BattleServiceTest" assertions="1" time="0.009677"/>
        <testcase name="test_battle_victory_marks_battle_won_and_claims_rewards" file="/Users/stephanie/Documents/code/Codex/tests/Unit/Services/BattleServiceTest.php" line="23" class="Tests\Unit\Services\BattleServiceTest" classname="Tests.Unit.Services.BattleServiceTest" assertions="4" time="0.203648"/>
        <testcase name="test_boss_reward_adds_bonus_xp" file="/Users/stephanie/Documents/code/Codex/tests/Unit/Services/BattleServiceTest.php" line="47" class="Tests\Unit\Services\BattleServiceTest" classname="Tests.Unit.Services.BattleServiceTest" assertions="2" time="0.013931"/>
      </testsuite>
      <testsuite name="Tests\Unit\Services\CompanionXpServiceTest" file="/Users/stephanie/Documents/code/Codex/tests/Unit/Services/CompanionXpServiceTest.php" tests="4" assertions="14" errors="0" failures="0" skipped="0" time="0.042821">
        <testcase name="test_user_can_own_companions" file="/Users/stephanie/Documents/code/Codex/tests/Unit/Services/CompanionXpServiceTest.php" line="16" class="Tests\Unit\Services\CompanionXpServiceTest" classname="Tests.Unit.Services.CompanionXpServiceTest" assertions="3" time="0.010701"/>
        <testcase name="test_companion_xp_uses_specialization_values" file="/Users/stephanie/Documents/code/Codex/tests/Unit/Services/CompanionXpServiceTest.php" line="34" class="Tests\Unit\Services\CompanionXpServiceTest" classname="Tests.Unit.Services.CompanionXpServiceTest" assertions="3" time="0.009374"/>
        <testcase name="test_companion_levels_up_when_threshold_is_reached" file="/Users/stephanie/Documents/code/Codex/tests/Unit/Services/CompanionXpServiceTest.php" line="49" class="Tests\Unit\Services\CompanionXpServiceTest" classname="Tests.Unit.Services.CompanionXpServiceTest" assertions="3" time="0.010396"/>
        <testcase name="test_companion_unlocks_skills_at_expected_levels" file="/Users/stephanie/Documents/code/Codex/tests/Unit/Services/CompanionXpServiceTest.php" line="64" class="Tests\Unit\Services\CompanionXpServiceTest" classname="Tests.Unit.Services.CompanionXpServiceTest" assertions="5" time="0.012350"/>
      </testsuite>
      <testsuite name="Tests\Unit\Services\LessonServiceTest" file="/Users/stephanie/Documents/code/Codex/tests/Unit/Services/LessonServiceTest.php" tests="6" assertions="21" errors="0" failures="0" skipped="0" time="0.086062">
        <testcase name="test_successful_lesson_quiz_grants_xp_and_unlocks_training" file="/Users/stephanie/Documents/code/Codex/tests/Unit/Services/LessonServiceTest.php" line="19" class="Tests\Unit\Services\LessonServiceTest" classname="Tests.Unit.Services.LessonServiceTest" assertions="6" time="0.016707"/>
        <testcase name="test_library_data_groups_lessons_by_domain_topic_and_recommends_active_quest" file="/Users/stephanie/Documents/code/Codex/tests/Unit/Services/LessonServiceTest.php" line="44" class="Tests\Unit\Services\LessonServiceTest" classname="Tests.Unit.Services.LessonServiceTest" assertions="3" time="0.017911"/>
        <testcase name="test_failed_lesson_quiz_does_not_unlock_training" file="/Users/stephanie/Documents/code/Codex/tests/Unit/Services/LessonServiceTest.php" line="68" class="Tests\Unit\Services\LessonServiceTest" classname="Tests.Unit.Services.LessonServiceTest" assertions="4" time="0.012301"/>
        <testcase name="test_failed_retry_does_not_lock_an_already_completed_lesson" file="/Users/stephanie/Documents/code/Codex/tests/Unit/Services/LessonServiceTest.php" line="89" class="Tests\Unit\Services\LessonServiceTest" classname="Tests.Unit.Services.LessonServiceTest" assertions="5" time="0.013819"/>
        <testcase name="test_training_requires_required_lesson_when_category_has_course" file="/Users/stephanie/Documents/code/Codex/tests/Unit/Services/LessonServiceTest.php" line="113" class="Tests\Unit\Services\LessonServiceTest" classname="Tests.Unit.Services.LessonServiceTest" assertions="1" time="0.012886"/>
        <testcase name="test_completing_lesson_updates_matching_course_quest" file="/Users/stephanie/Documents/code/Codex/tests/Unit/Services/LessonServiceTest.php" line="131" class="Tests\Unit\Services\LessonServiceTest" classname="Tests.Unit.Services.LessonServiceTest" assertions="2" time="0.012439"/>
      </testsuite>
      <testsuite name="Tests\Unit\Services\QuestAndShopServiceTest" file="/Users/stephanie/Documents/code/Codex/tests/Unit/Services/QuestAndShopServiceTest.php" tests="3" assertions="7" errors="0" failures="0" skipped="0" time="0.026626">
        <testcase name="test_accepting_quest_creates_accepted_user_quest" file="/Users/stephanie/Documents/code/Codex/tests/Unit/Services/QuestAndShopServiceTest.php" line="18" class="Tests\Unit\Services\QuestAndShopServiceTest" classname="Tests.Unit.Services.QuestAndShopServiceTest" assertions="2" time="0.008209"/>
        <testcase name="test_quest_progress_updates_and_completes" file="/Users/stephanie/Documents/code/Codex/tests/Unit/Services/QuestAndShopServiceTest.php" line="32" class="Tests\Unit\Services\QuestAndShopServiceTest" classname="Tests.Unit.Services.QuestAndShopServiceTest" assertions="2" time="0.008751"/>
        <testcase name="test_shop_purchase_deducts_coins_and_grants_item" file="/Users/stephanie/Documents/code/Codex/tests/Unit/Services/QuestAndShopServiceTest.php" line="49" class="Tests\Unit\Services\QuestAndShopServiceTest" classname="Tests.Unit.Services.QuestAndShopServiceTest" assertions="3" time="0.009666"/>
      </testsuite>
      <testsuite name="Tests\Unit\Services\TrainingServiceTest" file="/Users/stephanie/Documents/code/Codex/tests/Unit/Services/TrainingServiceTest.php" tests="3" assertions="16" errors="0" failures="0" skipped="0" time="0.068091">
        <testcase name="test_perfect_training_session_grants_expected_rewards" file="/Users/stephanie/Documents/code/Codex/tests/Unit/Services/TrainingServiceTest.php" line="17" class="Tests\Unit\Services\TrainingServiceTest" classname="Tests.Unit.Services.TrainingServiceTest" assertions="7" time="0.026162"/>
        <testcase name="test_training_session_with_errors_grants_expected_rewards" file="/Users/stephanie/Documents/code/Codex/tests/Unit/Services/TrainingServiceTest.php" line="50" class="Tests\Unit\Services\TrainingServiceTest" classname="Tests.Unit.Services.TrainingServiceTest" assertions="7" time="0.027601"/>
        <testcase name="test_training_session_can_target_a_specific_mode" file="/Users/stephanie/Documents/code/Codex/tests/Unit/Services/TrainingServiceTest.php" line="84" class="Tests\Unit\Services\TrainingServiceTest" classname="Tests.Unit.Services.TrainingServiceTest" assertions="2" time="0.014328"/>
      </testsuite>
      <testsuite name="Tests\Unit\Services\XpServiceTest" file="/Users/stephanie/Documents/code/Codex/tests/Unit/Services/XpServiceTest.php" tests="4" assertions="9" errors="0" failures="0" skipped="0" time="0.038157">
        <testcase name="test_user_xp_gain_increments_progress" file="/Users/stephanie/Documents/code/Codex/tests/Unit/Services/XpServiceTest.php" line="16" class="Tests\Unit\Services\XpServiceTest" classname="Tests.Unit.Services.XpServiceTest" assertions="2" time="0.009145"/>
        <testcase name="test_creature_xp_gain_increments_progress" file="/Users/stephanie/Documents/code/Codex/tests/Unit/Services/XpServiceTest.php" line="26" class="Tests\Unit\Services\XpServiceTest" classname="Tests.Unit.Services.XpServiceTest" assertions="2" time="0.010335"/>
        <testcase name="test_level_up_consumes_threshold_and_increases_level" file="/Users/stephanie/Documents/code/Codex/tests/Unit/Services/XpServiceTest.php" line="40" class="Tests\Unit\Services\XpServiceTest" classname="Tests.Unit.Services.XpServiceTest" assertions="2" time="0.008138"/>
        <testcase name="test_unlock_skill_when_creature_reaches_required_level" file="/Users/stephanie/Documents/code/Codex/tests/Unit/Services/XpServiceTest.php" line="50" class="Tests\Unit\Services\XpServiceTest" classname="Tests.Unit.Services.XpServiceTest" assertions="3" time="0.010539"/>
      </testsuite>
      <testsuite name="Tests\Unit\Support\AvatarAssetCatalogTest" file="/Users/stephanie/Documents/code/Codex/tests/Unit/Support/AvatarAssetCatalogTest.php" tests="6" assertions="30" errors="0" failures="3" skipped="0" time="0.449641">
        <testcase name="test_it_auto_detects_body_assets_from_the_pack_defaults" file="/Users/stephanie/Documents/code/Codex/tests/Unit/Support/AvatarAssetCatalogTest.php" line="10" class="Tests\Unit\Support\AvatarAssetCatalogTest" classname="Tests.Unit.Support.AvatarAssetCatalogTest" assertions="6" time="0.009439"/>
        <testcase name="test_it_exposes_humanoid_body_assets" file="/Users/stephanie/Documents/code/Codex/tests/Unit/Support/AvatarAssetCatalogTest.php" line="24" class="Tests\Unit\Support\AvatarAssetCatalogTest" classname="Tests.Unit.Support.AvatarAssetCatalogTest" assertions="3" time="0.007594"/>
        <testcase name="test_it_auto_detects_hair_assets_with_model_and_variant_metadata" file="/Users/stephanie/Documents/code/Codex/tests/Unit/Support/AvatarAssetCatalogTest.php" line="35" class="Tests\Unit\Support\AvatarAssetCatalogTest" classname="Tests.Unit.Support.AvatarAssetCatalogTest" assertions="5" time="0.048710">
          <failure type="PHPUnit\Framework\ExpectationFailedException">Tests\Unit\Support\AvatarAssetCatalogTest::test_it_auto_detects_hair_assets_with_model_and_variant_metadata
Failed asserting that two strings are identical.
--- Expected
+++ Actual
@@ @@
-'Carré'
+'Bob'

/Users/stephanie/Documents/code/Codex/tests/Unit/Support/AvatarAssetCatalogTest.php:45</failure>
        </testcase>
        <testcase name="test_it_groups_hairs_by_model" file="/Users/stephanie/Documents/code/Codex/tests/Unit/Support/AvatarAssetCatalogTest.php" line="49" class="Tests\Unit\Support\AvatarAssetCatalogTest" classname="Tests.Unit.Support.AvatarAssetCatalogTest" assertions="2" time="0.045536">
          <failure type="PHPUnit\Framework\ExpectationFailedException">Tests\Unit\Support\AvatarAssetCatalogTest::test_it_groups_hairs_by_model
Failed asserting that two strings are identical.
--- Expected
+++ Actual
@@ @@
-'Carré'
+'Bob'

/Users/stephanie/Documents/code/Codex/tests/Unit/Support/AvatarAssetCatalogTest.php:56</failure>
        </testcase>
        <testcase name="test_it_auto_detects_wearable_assets_from_multiple_directories" file="/Users/stephanie/Documents/code/Codex/tests/Unit/Support/AvatarAssetCatalogTest.php" line="64" class="Tests\Unit\Support\AvatarAssetCatalogTest" classname="Tests.Unit.Support.AvatarAssetCatalogTest" assertions="6" time="0.328682">
          <failure type="PHPUnit\Framework\ExpectationFailedException">Tests\Unit\Support\AvatarAssetCatalogTest::test_it_auto_detects_wearable_assets_from_multiple_directories
Failed asserting that two strings are identical.
--- Expected
+++ Actual
@@ @@
-'Bleu'
+'Blue'

/Users/stephanie/Documents/code/Codex/tests/Unit/Support/AvatarAssetCatalogTest.php:75</failure>
        </testcase>
        <testcase name="test_it_builds_piece_based_outfit_presets_from_detected_assets" file="/Users/stephanie/Documents/code/Codex/tests/Unit/Support/AvatarAssetCatalogTest.php" line="78" class="Tests\Unit\Support\AvatarAssetCatalogTest" classname="Tests.Unit.Support.AvatarAssetCatalogTest" assertions="8" time="0.009681"/>
      </testsuite>
    </testsuite>
    <testsuite name="Feature" tests="38" assertions="130" errors="0" failures="2" skipped="0" time="5.015627">
      <testsuite name="Tests\Feature\Auth\AuthenticationTest" file="/Users/stephanie/Documents/code/Codex/tests/Feature/Auth/AuthenticationTest.php" tests="5" assertions="13" errors="0" failures="0" skipped="0" time="0.811782">
        <testcase name="test_login_screen_can_be_rendered" file="/Users/stephanie/Documents/code/Codex/tests/Feature/Auth/AuthenticationTest.php" line="14" class="Tests\Feature\Auth\AuthenticationTest" classname="Tests.Feature.Auth.AuthenticationTest" assertions="1" time="0.035228"/>
        <testcase name="test_users_can_authenticate_using_the_login_screen" file="/Users/stephanie/Documents/code/Codex/tests/Feature/Auth/AuthenticationTest.php" line="21" class="Tests\Feature\Auth\AuthenticationTest" classname="Tests.Feature.Auth.AuthenticationTest" assertions="4" time="0.372438"/>
        <testcase name="test_users_can_not_authenticate_with_invalid_password" file="/Users/stephanie/Documents/code/Codex/tests/Feature/Auth/AuthenticationTest.php" line="37" class="Tests\Feature\Auth\AuthenticationTest" classname="Tests.Feature.Auth.AuthenticationTest" assertions="2" time="0.191871"/>
        <testcase name="test_users_with_two_factor_enabled_are_redirected_to_two_factor_challenge" file="/Users/stephanie/Documents/code/Codex/tests/Feature/Auth/AuthenticationTest.php" line="51" class="Tests\Feature\Auth\AuthenticationTest" classname="Tests.Feature.Auth.AuthenticationTest" assertions="3" time="0.201178"/>
        <testcase name="test_users_can_logout" file="/Users/stephanie/Documents/code/Codex/tests/Feature/Auth/AuthenticationTest.php" line="71" class="Tests\Feature\Auth\AuthenticationTest" classname="Tests.Feature.Auth.AuthenticationTest" assertions="3" time="0.011066"/>
      </testsuite>
      <testsuite name="Tests\Feature\Auth\EmailVerificationTest" file="/Users/stephanie/Documents/code/Codex/tests/Feature/Auth/EmailVerificationTest.php" tests="4" assertions="10" errors="0" failures="0" skipped="0" time="0.045649">
        <testcase name="test_email_verification_screen_can_be_rendered" file="/Users/stephanie/Documents/code/Codex/tests/Feature/Auth/EmailVerificationTest.php" line="24" class="Tests\Feature\Auth\EmailVerificationTest" classname="Tests.Feature.Auth.EmailVerificationTest" assertions="1" time="0.012703"/>
        <testcase name="test_email_can_be_verified" file="/Users/stephanie/Documents/code/Codex/tests/Feature/Auth/EmailVerificationTest.php" line="33" class="Tests\Feature\Auth\EmailVerificationTest" classname="Tests.Feature.Auth.EmailVerificationTest" assertions="4" time="0.011694"/>
        <testcase name="test_email_is_not_verified_with_invalid_hash" file="/Users/stephanie/Documents/code/Codex/tests/Feature/Auth/EmailVerificationTest.php" line="53" class="Tests\Feature\Auth\EmailVerificationTest" classname="Tests.Feature.Auth.EmailVerificationTest" assertions="1" time="0.011433"/>
        <testcase name="test_already_verified_user_visiting_verification_link_is_redirected_without_firing_event_again" file="/Users/stephanie/Documents/code/Codex/tests/Feature/Auth/EmailVerificationTest.php" line="68" class="Tests\Feature\Auth\EmailVerificationTest" classname="Tests.Feature.Auth.EmailVerificationTest" assertions="4" time="0.009818"/>
      </testsuite>
      <testsuite name="Tests\Feature\Auth\PasswordConfirmationTest" file="/Users/stephanie/Documents/code/Codex/tests/Feature/Auth/PasswordConfirmationTest.php" tests="1" assertions="1" errors="0" failures="0" skipped="0" time="0.015667">
        <testcase name="test_confirm_password_screen_can_be_rendered" file="/Users/stephanie/Documents/code/Codex/tests/Feature/Auth/PasswordConfirmationTest.php" line="13" class="Tests\Feature\Auth\PasswordConfirmationTest" classname="Tests.Feature.Auth.PasswordConfirmationTest" assertions="1" time="0.015667"/>
      </testsuite>
      <testsuite name="Tests\Feature\Auth\PasswordResetTest" file="/Users/stephanie/Documents/code/Codex/tests/Feature/Auth/PasswordResetTest.php" tests="4" assertions="8" errors="0" failures="0" skipped="0" time="1.036027">
        <testcase name="test_reset_password_link_screen_can_be_rendered" file="/Users/stephanie/Documents/code/Codex/tests/Feature/Auth/PasswordResetTest.php" line="23" class="Tests\Feature\Auth\PasswordResetTest" classname="Tests.Feature.Auth.PasswordResetTest" assertions="1" time="0.012277"/>
        <testcase name="test_reset_password_link_can_be_requested" file="/Users/stephanie/Documents/code/Codex/tests/Feature/Auth/PasswordResetTest.php" line="30" class="Tests\Feature\Auth\PasswordResetTest" classname="Tests.Feature.Auth.PasswordResetTest" assertions="1" time="0.224690"/>
        <testcase name="test_reset_password_screen_can_be_rendered" file="/Users/stephanie/Documents/code/Codex/tests/Feature/Auth/PasswordResetTest.php" line="41" class="Tests\Feature\Auth\PasswordResetTest" classname="Tests.Feature.Auth.PasswordResetTest" assertions="2" time="0.226821"/>
        <testcase name="test_password_can_be_reset_with_valid_token" file="/Users/stephanie/Documents/code/Codex/tests/Feature/Auth/PasswordResetTest.php" line="58" class="Tests\Feature\Auth\PasswordResetTest" classname="Tests.Feature.Auth.PasswordResetTest" assertions="4" time="0.572239"/>
      </testsuite>
      <testsuite name="Tests\Feature\Auth\RegistrationTest" file="/Users/stephanie/Documents/code/Codex/tests/Feature/Auth/RegistrationTest.php" tests="2" assertions="5" errors="0" failures="0" skipped="0" time="0.199357">
        <testcase name="test_registration_screen_can_be_rendered" file="/Users/stephanie/Documents/code/Codex/tests/Feature/Auth/RegistrationTest.php" line="20" class="Tests\Feature\Auth\RegistrationTest" classname="Tests.Feature.Auth.RegistrationTest" assertions="1" time="0.015253"/>
        <testcase name="test_new_users_can_register" file="/Users/stephanie/Documents/code/Codex/tests/Feature/Auth/RegistrationTest.php" line="27" class="Tests\Feature\Auth\RegistrationTest" classname="Tests.Feature.Auth.RegistrationTest" assertions="4" time="0.184104"/>
      </testsuite>
      <testsuite name="Tests\Feature\Auth\TwoFactorChallengeTest" file="/Users/stephanie/Documents/code/Codex/tests/Feature/Auth/TwoFactorChallengeTest.php" tests="2" assertions="4" errors="0" failures="0" skipped="0" time="0.193072">
        <testcase name="test_two_factor_challenge_redirects_to_login_when_not_authenticated" file="/Users/stephanie/Documents/code/Codex/tests/Feature/Auth/TwoFactorChallengeTest.php" line="21" class="Tests\Feature\Auth\TwoFactorChallengeTest" classname="Tests.Feature.Auth.TwoFactorChallengeTest" assertions="2" time="0.010986"/>
        <testcase name="test_two_factor_challenge_can_be_rendered" file="/Users/stephanie/Documents/code/Codex/tests/Feature/Auth/TwoFactorChallengeTest.php" line="28" class="Tests\Feature\Auth\TwoFactorChallengeTest" classname="Tests.Feature.Auth.TwoFactorChallengeTest" assertions="2" time="0.182086"/>
      </testsuite>
      <testsuite name="Tests\Feature\DashboardTest" file="/Users/stephanie/Documents/code/Codex/tests/Feature/DashboardTest.php" tests="3" assertions="6" errors="0" failures="1" skipped="0" time="0.368379">
        <testcase name="test_guests_are_redirected_to_the_login_page" file="/Users/stephanie/Documents/code/Codex/tests/Feature/DashboardTest.php" line="14" class="Tests\Feature\DashboardTest" classname="Tests.Feature.DashboardTest" assertions="2" time="0.010407"/>
        <testcase name="test_authenticated_users_without_avatar_are_redirected_to_onboarding" file="/Users/stephanie/Documents/code/Codex/tests/Feature/DashboardTest.php" line="20" class="Tests\Feature\DashboardTest" classname="Tests.Feature.DashboardTest" assertions="2" time="0.009822"/>
        <testcase name="test_authenticated_users_with_avatar_can_visit_the_dashboard" file="/Users/stephanie/Documents/code/Codex/tests/Feature/DashboardTest.php" line="30" class="Tests\Feature\DashboardTest" classname="Tests.Feature.DashboardTest" assertions="2" time="0.348150">
          <failure type="PHPUnit\Framework\ExpectationFailedException">Tests\Feature\DashboardTest::test_authenticated_users_with_avatar_can_visit_the_dashboard
Failed asserting that '&lt;!DOCTYPE html&gt;\n
&lt;html lang="fr" class="dark"&gt;\n
    &lt;head&gt;\n
        &lt;meta charset="utf-8" /&gt;\n
&lt;meta name="viewport" content="width=device-width, initial-scale=1.0" /&gt;\n
\n
&lt;title&gt;\n
    Académie - Laravel\n
&lt;/title&gt;\n
\n
&lt;link rel="icon" href="/favicon.ico" sizes="any"&gt;\n
&lt;link rel="icon" href="/favicon.svg" type="image/svg+xml"&gt;\n
&lt;link rel="apple-touch-icon" href="/apple-touch-icon.png"&gt;\n
\n
\n
&lt;link rel="preload" as="style" href="http://localhost/build/assets/app-Bn05wMMQ.css" /&gt;&lt;link rel="modulepreload" as="script" href="http://localhost/build/assets/app-BEoAYsOX.js" /&gt;&lt;link rel="stylesheet" href="http://localhost/build/assets/app-Bn05wMMQ.css" data-navigate-track="reload" /&gt;&lt;script type="module" src="http://localhost/build/assets/app-BEoAYsOX.js" data-navigate-track="reload"&gt;&lt;/script&gt;&lt;style&gt;\n
    :root.dark {\n
        color-scheme: dark;\n
    }\n
&lt;/style&gt;\n
&lt;script&gt;\n
    window.Flux = {\n
        applyAppearance (appearance) {\n
            let applyDark = () =&gt; document.documentElement.classList.add('dark')\n
            let applyLight = () =&gt; document.documentElement.classList.remove('dark')\n
\n
            if (appearance === 'system') {\n
                let media = window.matchMedia('(prefers-color-scheme: dark)')\n
\n
                window.localStorage.removeItem('flux.appearance')\n
\n
                media.matches ? applyDark() : applyLight()\n
            } else if (appearance === 'dark') {\n
                window.localStorage.setItem('flux.appearance', 'dark')\n
\n
                applyDark()\n
            } else if (appearance === 'light') {\n
                window.localStorage.setItem('flux.appearance', 'light')\n
\n
                applyLight()\n
            }\n
        }\n
    }\n
\n
    window.Flux.applyAppearance(window.localStorage.getItem('flux.appearance') || 'system')\n
&lt;/script&gt;\n
    &lt;!-- Livewire Styles --&gt;&lt;style &gt;[wire\:loading][wire\:loading], [wire\:loading\.delay][wire\:loading\.delay], [wire\:loading\.list-item][wire\:loading\.list-item], [wire\:loading\.inline-block][wire\:loading\.inline-block], [wire\:loading\.inline][wire\:loading\.inline], [wire\:loading\.block][wire\:loading\.block], [wire\:loading\.flex][wire\:loading\.flex], [wire\:loading\.table][wire\:loading\.table], [wire\:loading\.grid][wire\:loading\.grid], [wire\:loading\.inline-flex][wire\:loading\.inline-flex] {display: none;}[wire\:loading\.delay\.none][wire\:loading\.delay\.none], [wire\:loading\.delay\.shortest][wire\:loading\.delay\.shortest], [wire\:loading\.delay\.shorter][wire\:loading\.delay\.shorter], [wire\:loading\.delay\.short][wire\:loading\.delay\.short], [wire\:loading\.delay\.default][wire\:loading\.delay\.default], [wire\:loading\.delay\.long][wire\:loading\.delay\.long], [wire\:loading\.delay\.longer][wire\:loading\.delay\.longer], [wire\:loading\.delay\.longest][wire\:loading\.delay\.longest] {display: none;}[wire\:offline][wire\:offline] {display: none;}[wire\:dirty]:not(textarea):not(input):not(select) {display: none;}:root {--livewire-progress-bar-color: #2299dd;}[x-cloak] {display: none !important;}[wire\:cloak] {display: none !important;}dialog#livewire-error::backdrop {background-color: rgba(0, 0, 0, .6);}&lt;/style&gt;\n
&lt;/head&gt;\n
    &lt;body class="rs-shell min-h-screen"&gt;\n
        \n
        &lt;ui-sidebar-toggle class="z-20 fixed inset-0 bg-black/10 hidden data-flux-sidebar-on-mobile:not-data-flux-sidebar-collapsed-mobile:block" data-flux-sidebar-backdrop&gt;&lt;/ui-sidebar-toggle&gt;\n
\n
&lt;ui-sidebar\n
    class="[grid-area:sidebar] z-1 flex flex-col gap-4 [:where(&amp;amp;)]:w-64 p-4 data-flux-sidebar-collapsed-desktop:w-14 data-flux-sidebar-collapsed-desktop:px-2 data-flux-sidebar-collapsed-desktop:cursor-e-resize rtl:data-flux-sidebar-collapsed-desktop:cursor-w-resize max-lg:data-flux-sidebar-cloak:hidden data-flux-sidebar-on-mobile:data-flux-sidebar-collapsed-mobile:-translate-x-full data-flux-sidebar-on-mobile:data-flux-sidebar-collapsed-mobile:rtl:translate-x-full z-20! data-flux-sidebar-on-mobile:start-0! data-flux-sidebar-on-mobile:fixed! data-flux-sidebar-on-mobile:top-0! data-flux-sidebar-on-mobile:min-h-dvh! data-flux-sidebar-on-mobile:max-h-dvh! max-h-dvh overflow-y-auto overscroll-contain border-e border-amber-200/10 bg-[#171412]/95 text-stone-100 backdrop-blur" x-init="$el.classList.add(&amp;#039;transition-transform&amp;#039;)"\n
     collapsible="mobile"          sticky     x-data\n
    data-flux-sidebar-cloak\n
    data-flux-sidebar\n
&gt;\n
    &lt;div class="flex items-center justify-between gap-2 min-h-10" data-flux-sidebar-header&gt;\n
    &lt;a href="http://localhost/dashboard" class="h-10 flex items-center px-2 in-data-flux-sidebar-collapsed-desktop:w-10 in-data-flux-sidebar-collapsed-desktop:px-0 in-data-flux-sidebar-collapsed-desktop:justify-center in-data-flux-sidebar-collapsed-desktop:in-data-flux-sidebar-active:absolute in-data-flux-sidebar-collapsed-desktop:in-data-flux-sidebar-active:opacity-0 gap-2" wire:navigate="" data-flux-sidebar-brand&gt;\n
                    &lt;div class="flex items-center justify-center [:where(&amp;amp;)]:h-6 [:where(&amp;amp;)]:min-w-6 [:where(&amp;amp;)]:rounded-sm overflow-hidden shrink-0 flex aspect-square size-8 items-center justify-center rounded-md bg-accent-content text-accent-foreground"&gt;\n
                &lt;svg xmlns="http://www.w3.org/2000/svg" viewBox="0 0 40 42" class="size-5 fill-current text-white dark:text-black"&gt;\n
    &lt;path \n
        fill="currentColor" \n
        fill-rule="evenodd" \n
        clip-rule="evenodd"\n
        d="M17.2 5.633 8.6.855 0 5.633v26.51l16.2 9 16.2-9v-8.442l7.6-4.223V9.856l-8.6-4.777-8.6 4.777V18.3l-5.6 3.111V5.633ZM38 18.301l-5.6 3.11v-6.157l5.6-3.11V18.3Zm-1.06-7.856-5.54 3.078-5.54-3.079 5.54-3.078 5.54 3.079ZM24.8 18.3v-6.157l5.6 3.111v6.158L24.8 18.3Zm-1 1.732 5.54 3.078-13.14 7.302-5.54-3.078 13.14-7.3v-.002Zm-16.2 7.89 7.6 4.222V38.3L2 30.966V7.92l5.6 3.111v16.892ZM8.6 9.3 3.06 6.222 8.6 3.143l5.54 3.08L8.6 9.3Zm21.8 15.51-13.2 7.334V38.3l13.2-7.334v-6.156ZM9.6 11.034l5.6-3.11v14.6l-5.6 3.11v-14.6Z"\n
    /&gt;\n
&lt;/svg&gt;\n
            &lt;/div&gt;\n
        \n
        &lt;div class="text-sm font-medium truncate [:where(&amp;amp;)]:text-zinc-800 dark:[:where(&amp;amp;)]:text-zinc-100 in-data-flux-sidebar-collapsed-desktop:hidden"&gt;Académie des Héros&lt;/div&gt;\n
    &lt;/a&gt;\n
                &lt;ui-sidebar-toggle class="w-10 h-8 flex items-center justify-center in-data-flux-sidebar-collapsed-desktop:opacity-0 in-data-flux-sidebar-collapsed-desktop:absolute in-data-flux-sidebar-collapsed-desktop:in-data-flux-sidebar-active:opacity-100  lg:hidden" data-flux-sidebar-collapse&gt;\n
    &lt;ui-tooltip position="right center"  data-flux-tooltip &gt;\n
        &lt;button type="button" class="size-10 relative items-center font-medium justify-center gap-2 whitespace-nowrap disabled:opacity-75 dark:disabled:opacity-75 disabled:cursor-default disabled:pointer-events-none text-sm rounded-lg inline-flex  bg-transparent hover:bg-zinc-800/5 dark:hover:bg-white/15 text-zinc-500 hover:text-zinc-800 dark:text-zinc-400 dark:hover:text-white in-data-flux-sidebar-collapsed-desktop:cursor-e-resize rtl:in-data-flux-sidebar-collapsed-desktop:cursor-w-resize [&amp;amp;[collapsible=&amp;quot;mobile&amp;quot;]]:in-data-flux-sidebar-on-desktop:hidden rtl:rotate-180"&gt;\n
            &lt;svg class="text-zinc-500 dark:text-zinc-400" width="20" height="20" viewBox="0 0 20 20" fill="none" xmlns="http://www.w3.org/2000/svg"&gt;\n
                &lt;path d="M7.5 3.75V16.25M3.4375 16.25H16.5625C17.08 16.25 17.5 15.83 17.5 15.3125V4.6875C17.5 4.17 17.08 3.75 16.5625 3.75H3.4375C2.92 3.75 2.5 4.17 2.5 4.6875V15.3125C2.5 15.83 2.92 16.25 3.4375 16.25Z" stroke="currentColor" stroke-width="1.25" stroke-linecap="round" stroke-linejoin="round"&gt;&lt;/path&gt;\n
            &lt;/svg&gt;\n
        &lt;/button&gt;\n
\n
                    &lt;div popover="manual" class="relative py-2 px-2.5 rounded-md text-xs text-white font-medium bg-zinc-800 dark:bg-zinc-700 dark:border dark:border-white/10 p-0 overflow-visible" data-flux-tooltip-content&gt;\n
    Toggle sidebar\n
\n
    &lt;/div&gt;\n
            &lt;/ui-tooltip&gt;\n
&lt;/ui-sidebar-toggle&gt;\n
&lt;/div&gt;\n
            &lt;div class="rs-sidebar-card mx-3 mb-4 rounded-[1.6rem] px-4 py-4"&gt;\n
                &lt;p class="rs-label"&gt;Académie des Héros&lt;/p&gt;\n
                &lt;h2 class="rs-display mt-2 text-2xl text-stone-50"&gt;Académie des Héros&lt;/h2&gt;\n
                &lt;p class="mt-2 text-sm leading-6 text-stone-300"&gt;\n
                    Scout se prépare à partir en mission et à progresser en tant que héros.\n
                &lt;/p&gt;\n
                &lt;div class="mt-4 grid grid-cols-2 gap-2"&gt;\n
                    &lt;div class="rs-stat-chip"&gt;\n
                        &lt;p class="text-[11px] uppercase tracking-[0.2em] text-stone-400"&gt;Rang&lt;/p&gt;\n
                        &lt;p class="mt-1 text-lg font-semibold text-stone-100"&gt;Lv. &lt;/p&gt;\n
                    &lt;/div&gt;\n
                    &lt;div class="rs-stat-chip"&gt;\n
                        &lt;p class="text-[11px] uppercase tracking-[0.2em] text-stone-400"&gt;Ressources&lt;/p&gt;\n
                        &lt;p class="mt-1 text-lg font-semibold text-stone-100"&gt;&lt;/p&gt;\n
                    &lt;/div&gt;\n
                &lt;/div&gt;\n
            &lt;/div&gt;\n
\n
            &lt;nav class="flex flex-col overflow-visible min-h-auto px-3" data-flux-sidebar-nav&gt;\n
    &lt;div class="flex flex-col in-data-flux-sidebar-collapsed-desktop:hidden grid" data-flux-sidebar-group&gt;\n
        &lt;div class="px-3 py-2"&gt;\n
            &lt;div class="text-sm text-zinc-400 font-medium leading-none"&gt;Zones&lt;/div&gt;\n
        &lt;/div&gt;\n
\n
        &lt;div class="flex flex-col"&gt;\n
            &lt;ui-tooltip position="right center"  data-flux-tooltip &gt;\n
        &lt;a href="http://localhost/dashboard" data-current="data-current" wire:current.ignore="" class="h-8 in-data-flux-sidebar-on-mobile:h-10 relative flex items-center gap-3 rounded-lg in-data-flux-sidebar-collapsed-desktop:w-10 in-data-flux-sidebar-collapsed-desktop:justify-center py-0 text-start w-full px-3 has-data-flux-navlist-badge:not-in-data-flux-sidebar-collapsed-desktop:pe-1.5 my-px text-zinc-500 dark:text-white/80 data-current:text-(--color-accent-content) hover:data-current:text-(--color-accent-content) data-current:bg-white dark:data-current:bg-white/[7%] data-current:border data-current:border-zinc-200 dark:data-current:border-transparent hover:text-zinc-800 dark:hover:text-white dark:hover:bg-white/[7%] hover:bg-zinc-800/5  border border-transparent in-data-flux-sidebar-group-dropdown:w-auto! in-data-flux-sidebar-group-dropdown:px-2! in-data-flux-sidebar-group-dropdown:text-zinc-800! in-data-flux-sidebar-group-dropdown:bg-white! in-data-flux-sidebar-group-dropdown:hover:bg-zinc-50! dark:in-data-flux-sidebar-group-dropdown:text-white! dark:in-data-flux-sidebar-group-dropdown:bg-transparent! dark:in-data-flux-sidebar-group-dropdown:hover:bg-zinc-600!" data-flux-sidebar-item="data-flux-sidebar-item" wire:navigate=""&gt;\n
        &lt;div class="relative"&gt;\n
                                    &lt;svg class="shrink-0 [:where(&amp;amp;)]:size-6 size-4 in-data-flux-sidebar-group-dropdown:text-zinc-400! dark:in-data-flux-sidebar-group-dropdown:text-white/80! [[data-flux-sidebar-item]:hover_&amp;]:text-current!" data-flux-icon xmlns="http://www.w3.org/2000/svg" fill="none" viewBox="0 0 24 24" stroke-width="1.5" stroke="currentColor" aria-hidden="true" data-slot="icon"&gt;\n
  &lt;path stroke-linecap="round" stroke-linejoin="round" d="m2.25 12 8.954-8.955c.44-.439 1.152-.439 1.591 0L21.75 12M4.5 9.75v10.125c0 .621.504 1.125 1.125 1.125H9.75v-4.875c0-.621.504-1.125 1.125-1.125h2.25c.621 0 1.125.504 1.125 1.125V21h4.125c.621 0 1.125-.504 1.125-1.125V9.75M8.25 21h8.25"/&gt;\n
&lt;/svg&gt;\n
\n
                        \n
                            &lt;/div&gt;\n
        \n
                    &lt;div class="\n
                in-data-flux-sidebar-collapsed-desktop:not-in-data-flux-sidebar-group-dropdown:hidden\n
                flex-1 text-sm font-medium truncate [[data-nav-footer]_&amp;]:hidden [[data-nav-sidebar]_[data-nav-footer]_&amp;]:block" data-content&gt;Académie&lt;/div&gt;\n
    &lt;/a&gt;\n
\n
    &lt;div popover="manual" class="relative py-2 px-2.5 rounded-md text-xs text-white font-medium bg-zinc-800 dark:bg-zinc-700 dark:border dark:border-white/10 p-0 overflow-visible not-in-data-flux-sidebar-collapsed-desktop:hidden in-data-flux-sidebar-group-dropdown:hidden cursor-default" data-flux-tooltip-content&gt;\n
    Académie\n
\n
    &lt;/div&gt;\n
\n
            &lt;/ui-tooltip&gt;\n
                    &lt;ui-tooltip position="right center"  data-flux-tooltip &gt;\n
        &lt;a href="http://localhost/lessons" wire:current.ignore="" class="h-8 in-data-flux-sidebar-on-mobile:h-10 relative flex items-center gap-3 rounded-lg in-data-flux-sidebar-collapsed-desktop:w-10 in-data-flux-sidebar-collapsed-desktop:justify-center py-0 text-start w-full px-3 has-data-flux-navlist-badge:not-in-data-flux-sidebar-collapsed-desktop:pe-1.5 my-px text-zinc-500 dark:text-white/80 data-current:text-(--color-accent-content) hover:data-current:text-(--color-accent-content) data-current:bg-white dark:data-current:bg-white/[7%] data-current:border data-current:border-zinc-200 dark:data-current:border-transparent hover:text-zinc-800 dark:hover:text-white dark:hover:bg-white/[7%] hover:bg-zinc-800/5  border border-transparent in-data-flux-sidebar-group-dropdown:w-auto! in-data-flux-sidebar-group-dropdown:px-2! in-data-flux-sidebar-group-dropdown:text-zinc-800! in-data-flux-sidebar-group-dropdown:bg-white! in-data-flux-sidebar-group-dropdown:hover:bg-zinc-50! dark:in-data-flux-sidebar-group-dropdown:text-white! dark:in-data-flux-sidebar-group-dropdown:bg-transparent! dark:in-data-flux-sidebar-group-dropdown:hover:bg-zinc-600!" data-flux-sidebar-item="data-flux-sidebar-item" wire:navigate=""&gt;\n
        &lt;div class="relative"&gt;\n
                                    &lt;svg\n
    class="shrink-0 [:where(&amp;amp;)]:size-6 size-4 in-data-flux-sidebar-group-dropdown:text-zinc-400! dark:in-data-flux-sidebar-group-dropdown:text-white/80! [[data-flux-sidebar-item]:hover_&amp;]:text-current!"\n
    data-flux-icon\n
    xmlns="http://www.w3.org/2000/svg"\n
    viewBox="0 0 24 24"\n
    fill="none"\n
    stroke="currentColor"\n
    stroke-width="2"\n
    stroke-linecap="round"\n
    stroke-linejoin="round"\n
    aria-hidden="true"\n
    data-slot="icon"\n
&gt;\n
    &lt;path d="M12 7v14" /&gt;\n
    &lt;path d="M16 12h2" /&gt;\n
    &lt;path d="M16 8h2" /&gt;\n
    &lt;path d="M3 18a1 1 0 0 1-1-1V4a1 1 0 0 1 1-1h5a4 4 0 0 1 4 4 4 4 0 0 1 4-4h5a1 1 0 0 1 1 1v13a1 1 0 0 1-1 1h-6a3 3 0 0 0-3 3 3 3 0 0 0-3-3z" /&gt;\n
    &lt;path d="M6 12h2" /&gt;\n
    &lt;path d="M6 8h2" /&gt;\n
&lt;/svg&gt;\n
                \n
                            &lt;/div&gt;\n
        \n
                    &lt;div class="\n
                in-data-flux-sidebar-collapsed-desktop:not-in-data-flux-sidebar-group-dropdown:hidden\n
                flex-1 text-sm font-medium truncate [[data-nav-footer]_&amp;]:hidden [[data-nav-sidebar]_[data-nav-footer]_&amp;]:block" data-content&gt;Modules&lt;/div&gt;\n
    &lt;/a&gt;\n
\n
    &lt;div popover="manual" class="relative py-2 px-2.5 rounded-md text-xs text-white font-medium bg-zinc-800 dark:bg-zinc-700 dark:border dark:border-white/10 p-0 overflow-visible not-in-data-flux-sidebar-collapsed-desktop:hidden in-data-flux-sidebar-group-dropdown:hidden cursor-default" data-flux-tooltip-content&gt;\n
    Modules\n
\n
    &lt;/div&gt;\n
\n
            &lt;/ui-tooltip&gt;\n
                    &lt;ui-tooltip position="right center"  data-flux-tooltip &gt;\n
        &lt;a href="http://localhost/training" wire:current.ignore="" class="h-8 in-data-flux-sidebar-on-mobile:h-10 relative flex items-center gap-3 rounded-lg in-data-flux-sidebar-collapsed-desktop:w-10 in-data-flux-sidebar-collapsed-desktop:justify-center py-0 text-start w-full px-3 has-data-flux-navlist-badge:not-in-data-flux-sidebar-collapsed-desktop:pe-1.5 my-px text-zinc-500 dark:text-white/80 data-current:text-(--color-accent-content) hover:data-current:text-(--color-accent-content) data-current:bg-white dark:data-current:bg-white/[7%] data-current:border data-current:border-zinc-200 dark:data-current:border-transparent hover:text-zinc-800 dark:hover:text-white dark:hover:bg-white/[7%] hover:bg-zinc-800/5  border border-transparent in-data-flux-sidebar-group-dropdown:w-auto! in-data-flux-sidebar-group-dropdown:px-2! in-data-flux-sidebar-group-dropdown:text-zinc-800! in-data-flux-sidebar-group-dropdown:bg-white! in-data-flux-sidebar-group-dropdown:hover:bg-zinc-50! dark:in-data-flux-sidebar-group-dropdown:text-white! dark:in-data-flux-sidebar-group-dropdown:bg-transparent! dark:in-data-flux-sidebar-group-dropdown:hover:bg-zinc-600!" data-flux-sidebar-item="data-flux-sidebar-item" wire:navigate=""&gt;\n
        &lt;div class="relative"&gt;\n
                                    &lt;svg\n
    class="shrink-0 [:where(&amp;amp;)]:size-6 size-4 in-data-flux-sidebar-group-dropdown:text-zinc-400! dark:in-data-flux-sidebar-group-dropdown:text-white/80! [[data-flux-sidebar-item]:hover_&amp;]:text-current!"\n
    data-flux-icon\n
    xmlns="http://www.w3.org/2000/svg"\n
    viewBox="0 0 24 24"\n
    fill="none"\n
    stroke="currentColor"\n
    stroke-width="2"\n
    stroke-linecap="round"\n
    stroke-linejoin="round"\n
    aria-hidden="true"\n
    data-slot="icon"\n
&gt;\n
    &lt;path d="M12 7v14" /&gt;\n
    &lt;path d="M16 12h2" /&gt;\n
    &lt;path d="M16 8h2" /&gt;\n
    &lt;path d="M3 18a1 1 0 0 1-1-1V4a1 1 0 0 1 1-1h5a4 4 0 0 1 4 4 4 4 0 0 1 4-4h5a1 1 0 0 1 1 1v13a1 1 0 0 1-1 1h-6a3 3 0 0 0-3 3 3 3 0 0 0-3-3z" /&gt;\n
    &lt;path d="M6 12h2" /&gt;\n
    &lt;path d="M6 8h2" /&gt;\n
&lt;/svg&gt;\n
                \n
                            &lt;/div&gt;\n
        \n
                    &lt;div class="\n
                in-data-flux-sidebar-collapsed-desktop:not-in-data-flux-sidebar-group-dropdown:hidden\n
                flex-1 text-sm font-medium truncate [[data-nav-footer]_&amp;]:hidden [[data-nav-sidebar]_[data-nav-footer]_&amp;]:block" data-content&gt;Entraînement&lt;/div&gt;\n
    &lt;/a&gt;\n
\n
    &lt;div popover="manual" class="relative py-2 px-2.5 rounded-md text-xs text-white font-medium bg-zinc-800 dark:bg-zinc-700 dark:border dark:border-white/10 p-0 overflow-visible not-in-data-flux-sidebar-collapsed-desktop:hidden in-data-flux-sidebar-group-dropdown:hidden cursor-default" data-flux-tooltip-content&gt;\n
    Entraînement\n
\n
    &lt;/div&gt;\n
\n
            &lt;/ui-tooltip&gt;\n
        &lt;/div&gt;\n
    &lt;/div&gt;\n
&lt;/nav&gt;\n
\n
            &lt;div class="flex-1" data-flux-spacer&gt;&lt;/div&gt;\n
\n
            &lt;div class="mx-3 mb-3 rounded-[1.6rem] border border-white/8 bg-white/4 px-4 py-4"&gt;\n
                &lt;p class="rs-label"&gt;Prochaine action&lt;/p&gt;\n
                &lt;p class="mt-2 text-sm leading-6 text-stone-300"&gt;\n
                    Préparez-vous, puis lancez votre prochaine mission.\n
                &lt;/p&gt;\n
            &lt;/div&gt;\n
\n
            &lt;ui-dropdown position="bottom start"  data-flux-dropdown&gt;\n
    &lt;button type="button" class="group flex items-center rounded-lg has-data-[circle=true]:rounded-full [ui-dropdown&amp;gt;&amp;amp;]:w-full p-1 hover:bg-zinc-800/5 dark:hover:bg-white/10" data-test="sidebar-menu-button" data-flux-sidebar-profile&gt;\n
    &lt;div class="shrink-0"&gt;\n
                                &lt;div data-flux-avatar="data-flux-avatar" data-slot="avatar" data-size="sm" class="[:where(&amp;amp;)]:size-8 [:where(&amp;amp;)]:text-sm [--avatar-radius:var(--radius-md)] relative flex-none isolate flex items-center justify-center [:where(&amp;amp;)]:font-medium rounded-[var(--avatar-radius)] [:where(&amp;amp;)]:bg-zinc-200 [:where(&amp;amp;)]:dark:bg-zinc-600 [:where(&amp;amp;)]:text-zinc-800 [:where(&amp;amp;)]:dark:text-white  after:absolute after:inset-0 after:inset-ring-[1px] after:inset-ring-black/7 dark:after:inset-ring-white/10 after:rounded-md"&gt;\n
        &lt;span class="select-none"&gt;FB&lt;/span&gt;\n
    &lt;/div&gt;\n
            &lt;/div&gt;\n
\n
            &lt;span class="in-data-flux-sidebar-collapsed-desktop:hidden mx-2 text-sm text-zinc-500 dark:text-white/80 group-hover:text-zinc-800 dark:group-hover:text-white font-medium truncate"&gt;\n
            Finn Barry\n
        &lt;/span&gt;\n
    \n
            &lt;div class="in-data-flux-sidebar-collapsed-desktop:hidden shrink-0 ms-auto size-8 flex justify-center items-center"&gt;\n
            &lt;svg\n
    class="shrink-0 [:where(&amp;amp;)]:size-4 text-zinc-400 dark:text-white/80 group-hover:text-zinc-800 dark:group-hover:text-white"\n
    data-flux-icon\n
    xmlns="http://www.w3.org/2000/svg"\n
    viewBox="0 0 24 24"\n
    fill="none"\n
    stroke="currentColor"\n
    stroke-width="2.5"\n
    stroke-linecap="round"\n
    stroke-linejoin="round"\n
    aria-hidden="true"\n
    data-slot="icon"\n
&gt;\n
    &lt;path d="m7 15 5 5 5-5" /&gt;\n
    &lt;path d="m7 9 5-5 5 5" /&gt;\n
&lt;/svg&gt;\n
        &lt;/div&gt;\n
    &lt;/button&gt;\n
\n
    &lt;ui-menu\n
    class="[:where(&amp;amp;)]:min-w-48 p-[.3125rem] rounded-lg shadow-xs border border-zinc-200 dark:border-zinc-600 bg-white dark:bg-zinc-700 focus:outline-hidden"\n
    popover="manual"\n
    data-flux-menu\n
&gt;\n
    &lt;div class="flex items-center gap-2 px-1 py-1.5 text-start text-sm"&gt;\n
            &lt;div data-flux-avatar="data-flux-avatar" data-slot="avatar" data-size="md" class="[:where(&amp;amp;)]:size-10 [:where(&amp;amp;)]:text-sm [--avatar-radius:var(--radius-lg)] relative flex-none isolate flex items-center justify-center [:where(&amp;amp;)]:font-medium rounded-[var(--avatar-radius)] [:where(&amp;amp;)]:bg-zinc-200 [:where(&amp;amp;)]:dark:bg-zinc-600 [:where(&amp;amp;)]:text-zinc-800 [:where(&amp;amp;)]:dark:text-white  after:absolute after:inset-0 after:inset-ring-[1px] after:inset-ring-black/7 dark:after:inset-ring-white/10 after:rounded-lg"&gt;\n
        &lt;span class="select-none"&gt;FB&lt;/span&gt;\n
    &lt;/div&gt;\n
            &lt;div class="grid flex-1 text-start text-sm leading-tight"&gt;\n
                &lt;div class="font-medium [:where(&amp;amp;)]:text-zinc-800 [:where(&amp;amp;)]:dark:text-white text-sm [&amp;amp;:has(+[data-flux-subheading])]:mb-2 [[data-flux-subheading]+&amp;amp;]:mt-2 truncate" data-flux-heading&gt;Finn Barry&lt;/div&gt;\n
                &lt;p class="[:where(&amp;amp;)]:font-normal [:where(&amp;amp;)]:text-sm [:where(&amp;amp;)]:text-zinc-500 [:where(&amp;amp;)]:dark:text-white/70 truncate" data-flux-text &gt;vandyck.oceane@example.org&lt;/p&gt;            &lt;/div&gt;\n
        &lt;/div&gt;\n
        &lt;div class="-mx-[.3125rem] my-[.3125rem] h-px"  data-flux-menu-separator&gt;\n
    &lt;div data-orientation="horizontal" role="none" class="border-0 [print-color-adjust:exact] bg-zinc-800/15 dark:bg-white/20 h-px w-full dark:bg-zinc-600!" data-flux-separator&gt;&lt;/div&gt;\n
&lt;/div&gt;\n
        &lt;ui-menu-radio-group  data-flux-menu-radio-group&gt;\n
    &lt;a href="http://localhost/settings/profile" data-flux-menu-item="data-flux-menu-item" data-flux-menu-item-has-icon="data-flux-menu-item-has-icon" class="flex items-center px-2 py-1.5 w-full focus:outline-hidden rounded-md text-start text-sm font-medium [&amp;amp;[disabled]]:opacity-50 text-zinc-800 data-active:bg-zinc-50 dark:text-white dark:data-active:bg-zinc-600 **:data-flux-menu-item-icon:text-zinc-400 dark:**:data-flux-menu-item-icon:text-white/60 [&amp;amp;[data-active]_[data-flux-menu-item-icon]]:text-current" wire:navigate=""&gt;\n
        &lt;svg class="shrink-0 [:where(&amp;amp;)]:size-5 me-2" data-flux-menu-item-icon="data-flux-menu-item-icon" data-flux-icon xmlns="http://www.w3.org/2000/svg" viewBox="0 0 20 20" fill="currentColor" aria-hidden="true" data-slot="icon"&gt;\n
  &lt;path d="M13.024 9.25c.47 0 .827-.433.637-.863a4 4 0 0 0-4.094-2.364c-.468.05-.665.576-.43.984l1.08 1.868a.75.75 0 0 0 .649.375h2.158ZM7.84 7.758c-.236-.408-.79-.5-1.068-.12A3.982 3.982 0 0 0 6 10c0 .884.287 1.7.772 2.363.278.38.832.287 1.068-.12l1.078-1.868a.75.75 0 0 0 0-.75L7.839 7.758ZM9.138 12.993c-.235.408-.039.934.43.984a4 4 0 0 0 4.094-2.364c.19-.43-.168-.863-.638-.863h-2.158a.75.75 0 0 0-.65.375l-1.078 1.868Z"/&gt;\n
  &lt;path fill-rule="evenodd" d="m14.13 4.347.644-1.117a.75.75 0 0 0-1.299-.75l-.644 1.116a6.954 6.954 0 0 0-2.081-.556V1.75a.75.75 0 0 0-1.5 0v1.29a6.954 6.954 0 0 0-2.081.556L6.525 2.48a.75.75 0 1 0-1.3.75l.645 1.117A7.04 7.04 0 0 0 4.347 5.87L3.23 5.225a.75.75 0 1 0-.75 1.3l1.116.644A6.954 6.954 0 0 0 3.04 9.25H1.75a.75.75 0 0 0 0 1.5h1.29c.078.733.27 1.433.556 2.081l-1.116.645a.75.75 0 1 0 .75 1.298l1.117-.644a7.04 7.04 0 0 0 1.523 1.523l-.645 1.117a.75.75 0 1 0 1.3.75l.644-1.116a6.954 6.954 0 0 0 2.081.556v1.29a.75.75 0 0 0 1.5 0v-1.29a6.954 6.954 0 0 0 2.081-.556l.645 1.116a.75.75 0 0 0 1.299-.75l-.645-1.117a7.042 7.042 0 0 0 1.523-1.523l1.117.644a.75.75 0 0 0 .75-1.298l-1.116-.645a6.954 6.954 0 0 0 .556-2.081h1.29a.75.75 0 0 0 0-1.5h-1.29a6.954 6.954 0 0 0-.556-2.081l1.116-.644a.75.75 0 0 0-.75-1.3l-1.117.645a7.04 7.04 0 0 0-1.524-1.523ZM10 4.5a5.475 5.475 0 0 0-2.781.754A5.527 5.527 0 0 0 5.22 7.277 5.475 5.475 0 0 0 4.5 10a5.475 5.475 0 0 0 .752 2.777 5.527 5.527 0 0 0 2.028 2.004c.802.458 1.73.719 2.72.719a5.474 5.474 0 0 0 2.78-.753 5.527 5.527 0 0 0 2.001-2.027c.458-.802.719-1.73.719-2.72a5.475 5.475 0 0 0-.753-2.78 5.528 5.528 0 0 0-2.028-2.002A5.475 5.475 0 0 0 10 4.5Z" clip-rule="evenodd"/&gt;\n
&lt;/svg&gt;\n
\n
            \n
    Settings\n
    &lt;/a&gt;\n
            &lt;form method="POST" action="http://localhost/logout" class="w-full"&gt;\n
                &lt;input type="hidden" name="_token" value="rlGtbqcJQNfmx4HONYIiF1EmVcWmq2bbCFjx8UwV" autocomplete="off"&gt;                &lt;button type="submit" class="flex items-center px-2 py-1.5 w-full focus:outline-hidden rounded-md text-start text-sm font-medium [&amp;amp;[disabled]]:opacity-50 text-zinc-800 data-active:bg-zinc-50 dark:text-white dark:data-active:bg-zinc-600 **:data-flux-menu-item-icon:text-zinc-400 dark:**:data-flux-menu-item-icon:text-white/60 [&amp;amp;[data-active]_[data-flux-menu-item-icon]]:text-current w-full cursor-pointer" data-flux-menu-item="data-flux-menu-item" data-flux-menu-item-has-icon="data-flux-menu-item-has-icon" data-test="logout-button"&gt;\n
        &lt;svg class="shrink-0 [:where(&amp;amp;)]:size-5 me-2" data-flux-menu-item-icon="data-flux-menu-item-icon" data-flux-icon xmlns="http://www.w3.org/2000/svg" viewBox="0 0 20 20" fill="currentColor" aria-hidden="true" data-slot="icon"&gt;\n
  &lt;path fill-rule="evenodd" d="M3 4.25A2.25 2.25 0 0 1 5.25 2h5.5A2.25 2.25 0 0 1 13 4.25v2a.75.75 0 0 1-1.5 0v-2a.75.75 0 0 0-.75-.75h-5.5a.75.75 0 0 0-.75.75v11.5c0 .414.336.75.75.75h5.5a.75.75 0 0 0 .75-.75v-2a.75.75 0 0 1 1.5 0v2A2.25 2.25 0 0 1 10.75 18h-5.5A2.25 2.25 0 0 1 3 15.75V4.25Z" clip-rule="evenodd"/&gt;\n
  &lt;path fill-rule="evenodd" d="M6 10a.75.75 0 0 1 .75-.75h9.546l-1.048-.943a.75.75 0 1 1 1.004-1.114l2.5 2.25a.75.75 0 0 1 0 1.114l-2.5 2.25a.75.75 0 1 1-1.004-1.114l1.048-.943H6.75A.75.75 0 0 1 6 10Z" clip-rule="evenodd"/&gt;\n
&lt;/svg&gt;\n
\n
            \n
    Log out\n
    &lt;/button&gt;\n
            &lt;/form&gt;\n
&lt;/ui-menu-radio-group&gt;\n
&lt;/ui-menu&gt;\n
&lt;/ui-dropdown&gt;\n
&lt;/ui-sidebar&gt;\n
\n
        &lt;!-- Mobile User Menu --&gt;\n
        &lt;header class="[grid-area:header] z-10 min-h-14 flex items-center px-6 lg:px-8 border-b border-white/8 bg-[#171412]/90 backdrop-blur lg:hidden" data-flux-header&gt;\n
            &lt;button type="button" class="relative items-center font-medium justify-center gap-2 whitespace-nowrap disabled:opacity-75 dark:disabled:opacity-75 disabled:cursor-default disabled:pointer-events-none justify-center h-10 text-sm rounded-lg w-10 inline-flex -ms-2.5 bg-transparent hover:bg-zinc-800/5 dark:hover:bg-white/15 text-zinc-500 hover:text-zinc-800 dark:text-zinc-400 dark:hover:text-white      shrink-0 lg:hidden" data-flux-button="data-flux-button" x-data="" x-on:click="$dispatch('flux-sidebar-toggle')" aria-label="Toggle sidebar" data-flux-sidebar-toggle="data-flux-sidebar-toggle"&gt;\n
        &lt;svg class="shrink-0 [:where(&amp;amp;)]:size-5" data-flux-icon xmlns="http://www.w3.org/2000/svg" viewBox="0 0 20 20" fill="currentColor" aria-hidden="true" data-slot="icon"&gt;\n
  &lt;path fill-rule="evenodd" d="M2 6.75A.75.75 0 0 1 2.75 6h14.5a.75.75 0 0 1 0 1.5H2.75A.75.75 0 0 1 2 6.75Zm0 6.5a.75.75 0 0 1 .75-.75h14.5a.75.75 0 0 1 0 1.5H2.75a.75.75 0 0 1-.75-.75Z" clip-rule="evenodd"/&gt;\n
&lt;/svg&gt;\n
    &lt;/button&gt;\n
\n
            &lt;div class="flex-1" data-flux-spacer&gt;&lt;/div&gt;\n
\n
            &lt;ui-dropdown position="top end"  data-flux-dropdown&gt;\n
    &lt;button type="button" class="group flex items-center rounded-lg has-data-[circle=true]:rounded-full [ui-dropdown&amp;gt;&amp;amp;]:w-full p-1 hover:bg-zinc-800/5 dark:hover:bg-white/15" data-flux-profile&gt;\n
    &lt;div class="shrink-0"&gt;\n
                                &lt;div data-flux-avatar="data-flux-avatar" data-slot="avatar" data-size="sm" class="[:where(&amp;amp;)]:size-8 [:where(&amp;amp;)]:text-sm [--avatar-radius:var(--radius-md)] relative flex-none isolate flex items-center justify-center [:where(&amp;amp;)]:font-medium rounded-[var(--avatar-radius)] [:where(&amp;amp;)]:bg-zinc-200 [:where(&amp;amp;)]:dark:bg-zinc-600 [:where(&amp;amp;)]:text-zinc-800 [:where(&amp;amp;)]:dark:text-white  after:absolute after:inset-0 after:inset-ring-[1px] after:inset-ring-black/7 dark:after:inset-ring-white/10 after:rounded-md"&gt;\n
        &lt;span class="select-none"&gt;FB&lt;/span&gt;\n
    &lt;/div&gt;\n
            &lt;/div&gt;\n
\n
    \n
            &lt;div class="shrink-0 ms-auto size-8 flex justify-center items-center"&gt;\n
            &lt;svg class="shrink-0 [:where(&amp;amp;)]:size-4 text-zinc-400 dark:text-white/80 group-hover:text-zinc-800 dark:group-hover:text-white" data-flux-icon xmlns="http://www.w3.org/2000/svg" viewBox="0 0 16 16" fill="currentColor" aria-hidden="true" data-slot="icon"&gt;\n
  &lt;path fill-rule="evenodd" d="M4.22 6.22a.75.75 0 0 1 1.06 0L8 8.94l2.72-2.72a.75.75 0 1 1 1.06 1.06l-3.25 3.25a.75.75 0 0 1-1.06 0L4.22 7.28a.75.75 0 0 1 0-1.06Z" clip-rule="evenodd"/&gt;\n
&lt;/svg&gt;\n
\n
                &lt;/div&gt;\n
    &lt;/button&gt;\n
\n
                &lt;ui-menu\n
    class="[:where(&amp;amp;)]:min-w-48 p-[.3125rem] rounded-lg shadow-xs border border-zinc-200 dark:border-zinc-600 bg-white dark:bg-zinc-700 focus:outline-hidden"\n
    popover="manual"\n
    data-flux-menu\n
&gt;\n
    &lt;ui-menu-radio-group  data-flux-menu-radio-group&gt;\n
    &lt;div class="p-0 text-sm font-normal"&gt;\n
                            &lt;div class="flex items-center gap-2 px-1 py-1.5 text-start text-sm"&gt;\n
                                &lt;div data-flux-avatar="data-flux-avatar" data-slot="avatar" data-size="md" class="[:where(&amp;amp;)]:size-10 [:where(&amp;amp;)]:text-sm [--avatar-radius:var(--radius-lg)] relative flex-none isolate flex items-center justify-center [:where(&amp;amp;)]:font-medium rounded-[var(--avatar-radius)] [:where(&amp;amp;)]:bg-zinc-200 [:where(&amp;amp;)]:dark:bg-zinc-600 [:where(&amp;amp;)]:text-zinc-800 [:where(&amp;amp;)]:dark:text-white  after:absolute after:inset-0 after:inset-ring-[1px] after:inset-ring-black/7 dark:after:inset-ring-white/10 after:rounded-lg"&gt;\n
        &lt;span class="select-none"&gt;FB&lt;/span&gt;\n
    &lt;/div&gt;\n
\n
                                &lt;div class="grid flex-1 text-start text-sm leading-tight"&gt;\n
                                    &lt;div class="font-medium [:where(&amp;amp;)]:text-zinc-800 [:where(&amp;amp;)]:dark:text-white text-sm [&amp;amp;:has(+[data-flux-subheading])]:mb-2 [[data-flux-subheading]+&amp;amp;]:mt-2 truncate" data-flux-heading&gt;Finn Barry&lt;/div&gt;\n
                                    &lt;p class="[:where(&amp;amp;)]:font-normal [:where(&amp;amp;)]:text-sm [:where(&amp;amp;)]:text-zinc-500 [:where(&amp;amp;)]:dark:text-white/70 truncate" data-flux-text &gt;vandyck.oceane@example.org&lt;/p&gt;                                &lt;/div&gt;\n
                            &lt;/div&gt;\n
                        &lt;/div&gt;\n
&lt;/ui-menu-radio-group&gt;\n
\n
                    &lt;div class="-mx-[.3125rem] my-[.3125rem] h-px"  data-flux-menu-separator&gt;\n
    &lt;div data-orientation="horizontal" role="none" class="border-0 [print-color-adjust:exact] bg-zinc-800/15 dark:bg-white/20 h-px w-full dark:bg-zinc-600!" data-flux-separator&gt;&lt;/div&gt;\n
&lt;/div&gt;\n
\n
                    &lt;ui-menu-radio-group  data-flux-menu-radio-group&gt;\n
    &lt;a href="http://localhost/settings/profile" data-flux-menu-item="data-flux-menu-item" data-flux-menu-item-has-icon="data-flux-menu-item-has-icon" class="flex items-center px-2 py-1.5 w-full focus:outline-hidden rounded-md text-start text-sm font-medium [&amp;amp;[disabled]]:opacity-50 text-zinc-800 data-active:bg-zinc-50 dark:text-white dark:data-active:bg-zinc-600 **:data-flux-menu-item-icon:text-zinc-400 dark:**:data-flux-menu-item-icon:text-white/60 [&amp;amp;[data-active]_[data-flux-menu-item-icon]]:text-current" wire:navigate=""&gt;\n
        &lt;svg class="shrink-0 [:where(&amp;amp;)]:size-5 me-2" data-flux-menu-item-icon="data-flux-menu-item-icon" data-flux-icon xmlns="http://www.w3.org/2000/svg" viewBox="0 0 20 20" fill="currentColor" aria-hidden="true" data-slot="icon"&gt;\n
  &lt;path d="M13.024 9.25c.47 0 .827-.433.637-.863a4 4 0 0 0-4.094-2.364c-.468.05-.665.576-.43.984l1.08 1.868a.75.75 0 0 0 .649.375h2.158ZM7.84 7.758c-.236-.408-.79-.5-1.068-.12A3.982 3.982 0 0 0 6 10c0 .884.287 1.7.772 2.363.278.38.832.287 1.068-.12l1.078-1.868a.75.75 0 0 0 0-.75L7.839 7.758ZM9.138 12.993c-.235.408-.039.934.43.984a4 4 0 0 0 4.094-2.364c.19-.43-.168-.863-.638-.863h-2.158a.75.75 0 0 0-.65.375l-1.078 1.868Z"/&gt;\n
  &lt;path fill-rule="evenodd" d="m14.13 4.347.644-1.117a.75.75 0 0 0-1.299-.75l-.644 1.116a6.954 6.954 0 0 0-2.081-.556V1.75a.75.75 0 0 0-1.5 0v1.29a6.954 6.954 0 0 0-2.081.556L6.525 2.48a.75.75 0 1 0-1.3.75l.645 1.117A7.04 7.04 0 0 0 4.347 5.87L3.23 5.225a.75.75 0 1 0-.75 1.3l1.116.644A6.954 6.954 0 0 0 3.04 9.25H1.75a.75.75 0 0 0 0 1.5h1.29c.078.733.27 1.433.556 2.081l-1.116.645a.75.75 0 1 0 .75 1.298l1.117-.644a7.04 7.04 0 0 0 1.523 1.523l-.645 1.117a.75.75 0 1 0 1.3.75l.644-1.116a6.954 6.954 0 0 0 2.081.556v1.29a.75.75 0 0 0 1.5 0v-1.29a6.954 6.954 0 0 0 2.081-.556l.645 1.116a.75.75 0 0 0 1.299-.75l-.645-1.117a7.042 7.042 0 0 0 1.523-1.523l1.117.644a.75.75 0 0 0 .75-1.298l-1.116-.645a6.954 6.954 0 0 0 .556-2.081h1.29a.75.75 0 0 0 0-1.5h-1.29a6.954 6.954 0 0 0-.556-2.081l1.116-.644a.75.75 0 0 0-.75-1.3l-1.117.645a7.04 7.04 0 0 0-1.524-1.523ZM10 4.5a5.475 5.475 0 0 0-2.781.754A5.527 5.527 0 0 0 5.22 7.277 5.475 5.475 0 0 0 4.5 10a5.475 5.475 0 0 0 .752 2.777 5.527 5.527 0 0 0 2.028 2.004c.802.458 1.73.719 2.72.719a5.474 5.474 0 0 0 2.78-.753 5.527 5.527 0 0 0 2.001-2.027c.458-.802.719-1.73.719-2.72a5.475 5.475 0 0 0-.753-2.78 5.528 5.528 0 0 0-2.028-2.002A5.475 5.475 0 0 0 10 4.5Z" clip-rule="evenodd"/&gt;\n
&lt;/svg&gt;\n
\n
            \n
    Paramètres\n
    &lt;/a&gt;\n
&lt;/ui-menu-radio-group&gt;\n
\n
                    &lt;div class="-mx-[.3125rem] my-[.3125rem] h-px"  data-flux-menu-separator&gt;\n
    &lt;div data-orientation="horizontal" role="none" class="border-0 [print-color-adjust:exact] bg-zinc-800/15 dark:bg-white/20 h-px w-full dark:bg-zinc-600!" data-flux-separator&gt;&lt;/div&gt;\n
&lt;/div&gt;\n
\n
                    &lt;form method="POST" action="http://localhost/logout" class="w-full"&gt;\n
                        &lt;input type="hidden" name="_token" value="rlGtbqcJQNfmx4HONYIiF1EmVcWmq2bbCFjx8UwV" autocomplete="off"&gt;                        &lt;button type="submit" class="flex items-center px-2 py-1.5 w-full focus:outline-hidden rounded-md text-start text-sm font-medium [&amp;amp;[disabled]]:opacity-50 text-zinc-800 data-active:bg-zinc-50 dark:text-white dark:data-active:bg-zinc-600 **:data-flux-menu-item-icon:text-zinc-400 dark:**:data-flux-menu-item-icon:text-white/60 [&amp;amp;[data-active]_[data-flux-menu-item-icon]]:text-current w-full cursor-pointer" data-flux-menu-item="data-flux-menu-item" data-flux-menu-item-has-icon="data-flux-menu-item-has-icon" data-test="logout-button"&gt;\n
        &lt;svg class="shrink-0 [:where(&amp;amp;)]:size-5 me-2" data-flux-menu-item-icon="data-flux-menu-item-icon" data-flux-icon xmlns="http://www.w3.org/2000/svg" viewBox="0 0 20 20" fill="currentColor" aria-hidden="true" data-slot="icon"&gt;\n
  &lt;path fill-rule="evenodd" d="M3 4.25A2.25 2.25 0 0 1 5.25 2h5.5A2.25 2.25 0 0 1 13 4.25v2a.75.75 0 0 1-1.5 0v-2a.75.75 0 0 0-.75-.75h-5.5a.75.75 0 0 0-.75.75v11.5c0 .414.336.75.75.75h5.5a.75.75 0 0 0 .75-.75v-2a.75.75 0 0 1 1.5 0v2A2.25 2.25 0 0 1 10.75 18h-5.5A2.25 2.25 0 0 1 3 15.75V4.25Z" clip-rule="evenodd"/&gt;\n
  &lt;path fill-rule="evenodd" d="M6 10a.75.75 0 0 1 .75-.75h9.546l-1.048-.943a.75.75 0 1 1 1.004-1.114l2.5 2.25a.75.75 0 0 1 0 1.114l-2.5 2.25a.75.75 0 1 1-1.004-1.114l1.048-.943H6.75A.75.75 0 0 1 6 10Z" clip-rule="evenodd"/&gt;\n
&lt;/svg&gt;\n
\n
            \n
    Déconnexion\n
    &lt;/button&gt;\n
                    &lt;/form&gt;\n
&lt;/ui-menu&gt;\n
&lt;/ui-dropdown&gt;\n
    &lt;/header&gt;\n
\n
        &lt;div class="[grid-area:main] p-6 lg:p-8 [[data-flux-container]_&amp;amp;]:px-0" data-flux-main&gt;\n
    &lt;div class="flex h-full w-full flex-1 flex-col gap-5"&gt;\n
        &lt;section class="rs-panel rs-hero rs-panel-enter relative overflow-hidden rounded-[2rem] p-5 sm:p-7"&gt;\n
            &lt;div class="pointer-events-none absolute inset-0 opacity-35"&gt;\n
                &lt;img src="http://localhost/images/backgrounds/set3_1_1.png" alt="" class="h-full w-full object-cover mix-blend-soft-light"&gt;\n
                &lt;div class="absolute inset-0 bg-gradient-to-r from-stone-950 via-stone-950/88 to-stone-950/45"&gt;&lt;/div&gt;\n
            &lt;/div&gt;\n
\n
            &lt;div class="relative grid gap-5 lg:grid-cols-[1.25fr_0.95fr]"&gt;\n
                &lt;div class="relative flex flex-col gap-5"&gt;\n
                    &lt;div class="absolute -left-5 top-0 h-24 w-24 rounded-full bg-amber-300/12 blur-3xl"&gt;&lt;/div&gt;\n
                    &lt;div class="space-y-3"&gt;\n
                        &lt;p class="rs-label"&gt;Hub académique&lt;/p&gt;\n
                        &lt;h1 class="rs-display text-4xl leading-none text-stone-50 sm:text-5xl"&gt;Académie des Héros&lt;/h1&gt;\n
                        &lt;p class="max-w-xl text-sm leading-7 text-stone-300 sm:text-base"&gt;\n
                            Le monde reste instable. Préparez-vous, choisissez votre prochaine mission et poursuivez votre progression.\n
                        &lt;/p&gt;\n
                    &lt;/div&gt;\n
\n
                    &lt;div class="grid gap-3 sm:grid-cols-2"&gt;\n
                        &lt;div class="rs-stat-chip"&gt;\n
                            &lt;p class="rs-label"&gt;Rang&lt;/p&gt;\n
                            &lt;p class="mt-2 text-lg font-semibold text-stone-50"&gt;Lv. &lt;/p&gt;\n
                        &lt;/div&gt;\n
                        &lt;div class="rs-stat-chip"&gt;\n
                            &lt;p class="rs-label"&gt;Style&lt;/p&gt;\n
                            &lt;p class="mt-2 text-lg font-semibold capitalize text-stone-50"&gt;Stratège&lt;/p&gt;\n
                        &lt;/div&gt;\n
                    &lt;/div&gt;\n
\n
                    &lt;div class="rounded-[1.6rem] border border-amber-200/16 bg-stone-950/55 p-4 shadow-2xl shadow-stone-950/30 backdrop-blur"&gt;\n
                        &lt;div class="flex flex-col gap-3 sm:flex-row sm:items-center sm:justify-between"&gt;\n
                            &lt;div&gt;\n
                                &lt;p class="rs-label"&gt;Briefing du jour&lt;/p&gt;\n
                                &lt;h2 class="rs-display mt-1 text-2xl text-stone-50"&gt;Alerte en cours&lt;/h2&gt;\n
                                &lt;p class="mt-2 max-w-2xl text-sm leading-6 text-stone-300"&gt;Le monde reste instable. Suivez un module, validez le mini quiz, puis partez en mission avec votre compagnon.&lt;/p&gt;\n
                            &lt;/div&gt;\n
                            &lt;a href="http://localhost/lessons" class="inline-flex shrink-0 rounded-full bg-amber-200 px-4 py-2 text-xs font-bold uppercase tracking-[0.16em] text-stone-950 transition hover:bg-amber-100"&gt;\n
                                Entrer en classe\n
                            &lt;/a&gt;\n
                        &lt;/div&gt;\n
                    &lt;/div&gt;\n
                &lt;/div&gt;\n
\n
                &lt;div class="rs-avatar-crest min-h-[18rem] rounded-[1.8rem] border border-white/8 p-4"&gt;\n
                    &lt;div class="absolute right-5 top-4 z-20"&gt;\n
                        &lt;span class="rs-badge"&gt;Cycle initial&lt;/span&gt;\n
                    &lt;/div&gt;\n
                    &lt;div class="rs-orb right-10 top-8 h-16 w-16 bg-sky-300/25"&gt;&lt;/div&gt;\n
                    &lt;div class="rs-orb bottom-10 left-6 h-20 w-20 bg-amber-300/16" style="animation-delay: 0.7s;"&gt;&lt;/div&gt;\n
\n
                    &lt;div class="relative grid h-full min-h-[16rem] gap-4 rounded-[1.4rem] bg-[linear-gradient(180deg,_rgba(16,20,25,0.10)_0%,_rgba(22,19,18,0.70)_58%,_rgba(18,16,15,0.98)_100%)] p-4 md:grid-cols-[0.78fr_1fr]"&gt;\n
                        &lt;div class="relative flex min-h-[14rem] items-center justify-center overflow-hidden rounded-[1.2rem] border border-white/6 bg-white/5"&gt;\n
                            &lt;div class="absolute inset-x-0 top-0 h-24 bg-[radial-gradient(circle_at_center,_rgba(255,255,255,0.16),_transparent_68%)]"&gt;&lt;/div&gt;\n
                            &lt;div class="absolute bottom-4 left-6 right-6 h-12 rounded-full bg-black/25 blur-xl"&gt;&lt;/div&gt;\n
                            &lt;div\n
    style="--avatar-skin-base: #F2C9A5; --avatar-skin-light: #F6D3B5; --avatar-skin-dark: #D5A886; --avatar-skin-deep: #A67D63; --avatar-skin-shadow: #C09275; --avatar-outline: #C09275; --avatar-eye: #171717; --avatar-eye-light: #FFFFFF; --avatar-hair-base: #8C5A43; --avatar-hair-light: #9F7055; --avatar-hair-dark: #744936; --avatar-hair-deep: #523325; --avatar-hair-detail: #C6A888; --avatar-outfit-base: #4C6FFF; --avatar-outfit-light: #788EEF; --avatar-outfit-dark: #3D57BB; --avatar-outfit-deep: #2D428F; --avatar-outfit-detail: #C6C9E2; --avatar-stage-aura: #4C6FFF; --avatar-hair-scale: 1.00; --avatar-hair-offset-y: 0%" class="ob-avatar-mini-preview rs-hub-avatar-preview relative z-10"\n
&gt;\n
    &lt;div class="ob-avatar-choice-preview__layer"&gt;\n
        &lt;div class="ob-avatar-asset ob-avatar-svg ob-avatar-svg--body" aria-hidden="true"&gt;&lt;img class="ob-avatar-sprite__image" src="http://localhost/avatar-assets/bodies/Human/Female/Idle.png" alt="" style="width: 100.0000%; height: 400.0000%; left: 0.0000%; top: -200.0000%;" loading="lazy" decoding="async" fetchpriority="low" draggable="false"&gt;&lt;/div&gt;\n
        \n
        &lt;div class="ob-avatar-asset ob-avatar-svg ob-avatar-svg--hair" aria-hidden="true"&gt;&lt;img class="ob-avatar-sprite__image" src="http://localhost/avatar-assets/hairs/bob/female/black.png" alt="" style="width: 1300.0000%; height: 2100.0000%; left: 0.0000%; top: -200.0000%;" loading="lazy" decoding="async" fetchpriority="low" draggable="false"&gt;&lt;/div&gt;\n
        \n
    &lt;/div&gt;\n
&lt;/div&gt;\n
                        &lt;/div&gt;\n
\n
                        &lt;div class="flex flex-col justify-between gap-4 rounded-[1.2rem] border border-white/6 bg-stone-950/55 p-4 backdrop-blur"&gt;\n
                            &lt;div&gt;\n
                                &lt;p class="rs-label"&gt;Fiche d’escouade&lt;/p&gt;\n
                                &lt;h2 class="rs-display mt-1 text-2xl text-stone-50"&gt;Scout&lt;/h2&gt;\n
                                &lt;p class="mt-2 text-sm leading-6 text-stone-400"&gt;0/3 compagnons prêts pour les premières missions.&lt;/p&gt;\n
                            &lt;/div&gt;\n
\n
                            &lt;div class="space-y-2"&gt;\n
                                                            &lt;/div&gt;\n
\n
                            &lt;div class="grid grid-cols-2 gap-2"&gt;\n
                                &lt;div class="rounded-2xl bg-white/5 px-3 py-2 text-center"&gt;\n
                                    &lt;p class="text-[11px] uppercase tracking-[0.18em] text-stone-400"&gt;Expérience&lt;/p&gt;\n
                                    &lt;p class="mt-1 text-base font-semibold text-stone-100"&gt;&lt;/p&gt;\n
                                &lt;/div&gt;\n
                                &lt;div class="rounded-2xl bg-white/5 px-3 py-2 text-center"&gt;\n
                                    &lt;p class="text-[11px] uppercase tracking-[0.18em] text-stone-400"&gt;Pièces&lt;/p&gt;\n
                                    &lt;p class="mt-1 text-base font-semibold text-stone-100"&gt;&lt;/p&gt;\n
                                &lt;/div&gt;\n
                            &lt;/div&gt;\n
                        &lt;/div&gt;\n
                    &lt;/div&gt;\n
                &lt;/div&gt;\n
            &lt;/div&gt;\n
        &lt;/section&gt;\n
\n
        &lt;section class="space-y-4"&gt;\n
            &lt;div class="flex items-end justify-between gap-3"&gt;\n
                &lt;div&gt;\n
                    &lt;p class="rs-label"&gt;Carte des missions&lt;/p&gt;\n
                    &lt;h2 class="rs-display mt-2 text-3xl text-stone-50"&gt;Choisissez votre prochaine mission&lt;/h2&gt;\n
                &lt;/div&gt;\n
                &lt;span class="rs-badge hidden sm:inline-flex"&gt;Parcours actif&lt;/span&gt;\n
            &lt;/div&gt;\n
\n
            &lt;div class="grid gap-3 sm:grid-cols-2 xl:grid-cols-3"&gt;\n
                                            &lt;article class="rs-map-card rs-panel-enter overflow-hidden rounded-[1.75rem] p-0" style="animation-delay: 0ms;"&gt;\n
                            &lt;div class="relative h-32 overflow-hidden"&gt;\n
                                &lt;img src="http://localhost/images/backgrounds/training_center.png" alt="" class="h-full w-full object-cover opacity-70 transition duration-300 hover:scale-105"&gt;\n
                                &lt;div class="absolute inset-0 bg-gradient-to-t from-stone-950 via-stone-950/34 to-transparent"&gt;&lt;/div&gt;\n
                                &lt;span class="absolute right-3 top-3 rounded-full border px-3 py-1 text-[10px] font-semibold uppercase tracking-[0.16em] from-amber-300/20 to-transparent text-amber-100 ring-amber-200/20"&gt;\n
                                    Disponible\n
                                &lt;/span&gt;\n
                            &lt;/div&gt;\n
\n
                            &lt;div class="p-4"&gt;\n
                                &lt;div class="space-y-1"&gt;\n
                                    &lt;p class="rs-label"&gt;Zone&lt;/p&gt;\n
                                    &lt;h3 class="rs-display text-2xl text-stone-50"&gt;Centre d’entraînement&lt;/h3&gt;\n
                                &lt;/div&gt;\n
\n
                                &lt;div class="rs-divider my-3"&gt;&lt;/div&gt;\n
\n
                                &lt;p class="line-clamp-3 text-sm leading-6 text-stone-300"&gt;Renforcez vos compétences à travers des sessions rapides et ciblées.&lt;/p&gt;\n
\n
                                                                    &lt;a href="http://localhost/training" class="mt-4 inline-flex rounded-full bg-amber-200 px-4 py-2 text-xs font-bold uppercase tracking-[0.16em] text-stone-950 transition hover:bg-amber-100"&gt;\n
                                        S’entraîner\n
                                    &lt;/a&gt;\n
                                                            &lt;/div&gt;\n
                        &lt;/article&gt;\n
                                            &lt;article class="rs-map-card rs-panel-enter overflow-hidden rounded-[1.75rem] p-0" style="animation-delay: 80ms;"&gt;\n
                            &lt;div class="relative h-32 overflow-hidden"&gt;\n
                                &lt;img src="http://localhost/images/backgrounds/cours.png" alt="" class="h-full w-full object-cover opacity-70 transition duration-300 hover:scale-105"&gt;\n
                                &lt;div class="absolute inset-0 bg-gradient-to-t from-stone-950 via-stone-950/34 to-transparent"&gt;&lt;/div&gt;\n
                                &lt;span class="absolute right-3 top-3 rounded-full border px-3 py-1 text-[10px] font-semibold uppercase tracking-[0.16em] from-teal-300/20 to-transparent text-teal-100 ring-teal-200/20"&gt;\n
                                    Disponible\n
                                &lt;/span&gt;\n
                            &lt;/div&gt;\n
\n
                            &lt;div class="p-4"&gt;\n
                                &lt;div class="space-y-1"&gt;\n
                                    &lt;p class="rs-label"&gt;Zone&lt;/p&gt;\n
                                    &lt;h3 class="rs-display text-2xl text-stone-50"&gt;Bibliothèque&lt;/h3&gt;\n
                                &lt;/div&gt;\n
\n
                                &lt;div class="rs-divider my-3"&gt;&lt;/div&gt;\n
\n
                                &lt;p class="line-clamp-3 text-sm leading-6 text-stone-300"&gt;Suivez des modules courts avec flashcards, exemples et mini quiz pour débloquer les missions.&lt;/p&gt;\n
\n
                                                                    &lt;a href="http://localhost/lessons" class="mt-4 inline-flex rounded-full bg-amber-200 px-4 py-2 text-xs font-bold uppercase tracking-[0.16em] text-stone-950 transition hover:bg-amber-100"&gt;\n
                                        Étudier\n
                                    &lt;/a&gt;\n
                                                            &lt;/div&gt;\n
                        &lt;/article&gt;\n
                                            &lt;article class="rs-map-card rs-panel-enter overflow-hidden rounded-[1.75rem] p-0" style="animation-delay: 160ms;"&gt;\n
                            &lt;div class="relative h-32 overflow-hidden"&gt;\n
                                &lt;img src="http://localhost/images/backgrounds/world_map.png" alt="" class="h-full w-full object-cover opacity-70 transition duration-300 hover:scale-105"&gt;\n
                                &lt;div class="absolute inset-0 bg-gradient-to-t from-stone-950 via-stone-950/34 to-transparent"&gt;&lt;/div&gt;\n
                                &lt;span class="absolute right-3 top-3 rounded-full border px-3 py-1 text-[10px] font-semibold uppercase tracking-[0.16em] from-sky-300/20 to-transparent text-sky-100 ring-sky-200/20"&gt;\n
                                    À venir\n
                                &lt;/span&gt;\n
                            &lt;/div&gt;\n
\n
                            &lt;div class="p-4"&gt;\n
                                &lt;div class="space-y-1"&gt;\n
                                    &lt;p class="rs-label"&gt;Zone&lt;/p&gt;\n
                                    &lt;h3 class="rs-display text-2xl text-stone-50"&gt;Carte des missions&lt;/h3&gt;\n
                                &lt;/div&gt;\n
\n
                                &lt;div class="rs-divider my-3"&gt;&lt;/div&gt;\n
\n
                                &lt;p class="line-clamp-3 text-sm leading-6 text-stone-300"&gt;Progressez mission après mission et débloquez de nouveaux défis.&lt;/p&gt;\n
\n
                                                                    &lt;span class="mt-4 inline-flex rounded-full border border-white/10 px-4 py-2 text-xs font-bold uppercase tracking-[0.16em] text-stone-400"&gt;\n
                                        Explorer\n
                                    &lt;/span&gt;\n
                                                            &lt;/div&gt;\n
                        &lt;/article&gt;\n
                                            &lt;article class="rs-map-card rs-panel-enter overflow-hidden rounded-[1.75rem] p-0" style="animation-delay: 240ms;"&gt;\n
                            &lt;div class="relative h-32 overflow-hidden"&gt;\n
                                &lt;img src="http://localhost/images/backgrounds/quests.png" alt="" class="h-full w-full object-cover opacity-70 transition duration-300 hover:scale-105"&gt;\n
                                &lt;div class="absolute inset-0 bg-gradient-to-t from-stone-950 via-stone-950/34 to-transparent"&gt;&lt;/div&gt;\n
                                &lt;span class="absolute right-3 top-3 rounded-full border px-3 py-1 text-[10px] font-semibold uppercase tracking-[0.16em] from-emerald-300/20 to-transparent text-emerald-100 ring-emerald-200/20"&gt;\n
                                    À venir\n
                                &lt;/span&gt;\n
                            &lt;/div&gt;\n
\n
                            &lt;div class="p-4"&gt;\n
                                &lt;div class="space-y-1"&gt;\n
                                    &lt;p class="rs-label"&gt;Zone&lt;/p&gt;\n
                                    &lt;h3 class="rs-display text-2xl text-stone-50"&gt;Objectifs&lt;/h3&gt;\n
                                &lt;/div&gt;\n
\n
                                &lt;div class="rs-divider my-3"&gt;&lt;/div&gt;\n
\n
                                &lt;p class="line-clamp-3 text-sm leading-6 text-stone-300"&gt;Accomplissez des objectifs pour accélérer votre progression.&lt;/p&gt;\n
\n
                                                                    &lt;span class="mt-4 inline-flex rounded-full border border-white/10 px-4 py-2 text-xs font-bold uppercase tracking-[0.16em] text-stone-400"&gt;\n
                                        Voir\n
                                    &lt;/span&gt;\n
                                                            &lt;/div&gt;\n
                        &lt;/article&gt;\n
                                            &lt;article class="rs-map-card rs-panel-enter overflow-hidden rounded-[1.75rem] p-0" style="animation-delay: 320ms;"&gt;\n
                            &lt;div class="relative h-32 overflow-hidden"&gt;\n
                                &lt;img src="http://localhost/images/backgrounds/friends.png" alt="" class="h-full w-full object-cover opacity-70 transition duration-300 hover:scale-105"&gt;\n
                                &lt;div class="absolute inset-0 bg-gradient-to-t from-stone-950 via-stone-950/34 to-transparent"&gt;&lt;/div&gt;\n
                                &lt;span class="absolute right-3 top-3 rounded-full border px-3 py-1 text-[10px] font-semibold uppercase tracking-[0.16em] from-rose-300/20 to-transparent text-rose-100 ring-rose-200/20"&gt;\n
                                     0 actif\n
                                &lt;/span&gt;\n
                            &lt;/div&gt;\n
\n
                            &lt;div class="p-4"&gt;\n
                                &lt;div class="space-y-1"&gt;\n
                                    &lt;p class="rs-label"&gt;Zone&lt;/p&gt;\n
                                    &lt;h3 class="rs-display text-2xl text-stone-50"&gt;Compagnons&lt;/h3&gt;\n
                                &lt;/div&gt;\n
\n
                                &lt;div class="rs-divider my-3"&gt;&lt;/div&gt;\n
\n
                                &lt;p class="line-clamp-3 text-sm leading-6 text-stone-300"&gt;Gérez votre équipe et suivez leur progression.&lt;/p&gt;\n
\n
                                                                    &lt;span class="mt-4 inline-flex rounded-full border border-white/10 px-4 py-2 text-xs font-bold uppercase tracking-[0.16em] text-stone-400"&gt;\n
                                        Ouvrir\n
                                    &lt;/span&gt;\n
                                                            &lt;/div&gt;\n
                        &lt;/article&gt;\n
                                            &lt;article class="rs-map-card rs-panel-enter overflow-hidden rounded-[1.75rem] p-0" style="animation-delay: 400ms;"&gt;\n
                            &lt;div class="relative h-32 overflow-hidden"&gt;\n
                                &lt;img src="http://localhost/images/backgrounds/market.png" alt="" class="h-full w-full object-cover opacity-70 transition duration-300 hover:scale-105"&gt;\n
                                &lt;div class="absolute inset-0 bg-gradient-to-t from-stone-950 via-stone-950/34 to-transparent"&gt;&lt;/div&gt;\n
                                &lt;span class="absolute right-3 top-3 rounded-full border px-3 py-1 text-[10px] font-semibold uppercase tracking-[0.16em] from-violet-300/20 to-transparent text-violet-100 ring-violet-200/20"&gt;\n
                                    À venir\n
                                &lt;/span&gt;\n
                            &lt;/div&gt;\n
\n
                            &lt;div class="p-4"&gt;\n
                                &lt;div class="space-y-1"&gt;\n
                                    &lt;p class="rs-label"&gt;Zone&lt;/p&gt;\n
                                    &lt;h3 class="rs-display text-2xl text-stone-50"&gt;Armurerie&lt;/h3&gt;\n
                                &lt;/div&gt;\n
\n
                                &lt;div class="rs-divider my-3"&gt;&lt;/div&gt;\n
\n
[...]
        &lt;div class="ob-avatar-asset ob-avatar-svg ob-avatar-svg--hair" aria-hidden="true"&gt;&lt;img class="ob-avatar-sprite__image" src="http://localhost/avatar-assets/hairs/bob/female/black.png" alt="" style="width: 1300.0000%; height: 2100.0000%; left: 0.0000%; top: -200.0000%;" loading="lazy" decoding="async" fetchpriority="low" draggable="false"&gt;&lt;/div&gt;\n
        \n
    &lt;/div&gt;\n
&lt;/div&gt;\n
        &lt;/span&gt;\n
\n
        &lt;span class="min-w-0 flex-1"&gt;\n
            &lt;span class="flex items-start justify-between gap-3"&gt;\n
                &lt;span class="space-y-2"&gt;\n
                    &lt;span class="inline-flex items-center gap-2 rounded-full bg-white/70 px-3 py-1 text-xs font-semibold uppercase tracking-[0.16em] text-stone-700 shadow-sm"&gt;\n
                        &lt;span&gt;OB&lt;/span&gt;\n
                        &lt;span&gt;Compagnon&lt;/span&gt;\n
                    &lt;/span&gt;\n
                    &lt;span class="block rs-display text-[2rem] leading-none text-stone-950"&gt;Observateur&lt;/span&gt;\n
                &lt;/span&gt;\n
                &lt;span class="ob-choice-indicator shrink-0"&gt;&lt;/span&gt;\n
            &lt;/span&gt;\n
\n
            &lt;span class="mt-3 block text-sm font-semibold text-stone-900"&gt;Repère les détails&lt;/span&gt;\n
\n
                            &lt;span class="mt-2 block text-sm leading-6 text-stone-600"&gt;Détecte les signaux clés et évite les erreurs.&lt;/span&gt;\n
                    &lt;/span&gt;\n
    &lt;/span&gt;\n
&lt;/label&gt;\n
                                                            &lt;label for="class-eclaireur" class="block cursor-pointer"&gt;\n
    &lt;input\n
        id="class-eclaireur"\n
        type="radio"\n
        name="starter_choice"\n
        value="eclaireur"\n
        class="peer sr-only"\n
        data-class-title="Éclaireur"\n
        data-class-icon="EC"\n
        data-avatar-outfit-preset-key="scout"\n
        data-avatar-accent="#FF8A3D"\n
        data-avatar-preview-body-key="human-female"\n
        data-avatar-preview-hair-key="bob--female--black"\n
        data-avatar-preview-skin="#F7D7C4"\n
        data-avatar-preview-hair-color="#1E1E1E"\n
        data-avatar-preview-hair-scale="1.00"\n
        data-avatar-preview-hair-offset-y="0%"\n
            &gt;\n
\n
    &lt;span class="ob-class-card" style="--ob-class-accent: #FF8A3D"&gt;\n
        &lt;span class="ob-class-card__visual"&gt;\n
            &lt;div\n
    style="--avatar-skin-base: #F7D7C4; --avatar-skin-light: #FADCC9; --avatar-skin-dark: #D9B29D; --avatar-skin-deep: #A88473; --avatar-skin-shadow: #C39B88; --avatar-outline: #C39B88; --avatar-eye: #171717; --avatar-eye-light: #FFFFFF; --avatar-hair-base: #1E1E1E; --avatar-hair-light: #474037; --avatar-hair-dark: #2A201D; --avatar-hair-deep: #201714; --avatar-hair-detail: #958D77; --avatar-outfit-base: #FF8A3D; --avatar-outfit-light: #FDA25F; --avatar-outfit-dark: #B3693B; --avatar-outfit-deep: #834F32; --avatar-outfit-detail: #FFD2A4; --avatar-stage-aura: #FF8A3D; --avatar-hair-scale: 1.00; --avatar-hair-offset-y: 0%" class="ob-avatar-mini-preview ob-class-preview" data-class-avatar-preview="data-class-avatar-preview" data-class-outfit-preset-key="scout" data-class-accent="#FF8A3D"\n
&gt;\n
    &lt;div class="ob-avatar-choice-preview__layer"&gt;\n
        &lt;div class="ob-avatar-asset ob-avatar-svg ob-avatar-svg--body" aria-hidden="true"&gt;&lt;img class="ob-avatar-sprite__image" src="http://localhost/avatar-assets/bodies/Human/Female/Idle.png" alt="" style="width: 100.0000%; height: 400.0000%; left: 0.0000%; top: -200.0000%;" loading="lazy" decoding="async" fetchpriority="low" draggable="false"&gt;&lt;/div&gt;\n
        &lt;div class="ob-avatar-asset ob-avatar-svg ob-avatar-svg--outfit ob-avatar-svg--back" aria-hidden="true"&gt;&lt;img class="ob-avatar-sprite__image" src="http://localhost/avatar-assets/cape/solid/female/orange.png" alt="" style="width: 1300.0000%; height: 2100.0000%; left: 0.0000%; top: 0.0000%;" loading="lazy" decoding="async" fetchpriority="low" draggable="false"&gt;&lt;/div&gt;&lt;div class="ob-avatar-asset ob-avatar-svg ob-avatar-svg--outfit ob-avatar-svg--pants" aria-hidden="true"&gt;&lt;img class="ob-avatar-sprite__image" src="http://localhost/avatar-assets/legs/pants/female/orange.png" alt="" style="width: 1300.0000%; height: 2100.0000%; left: 0.0000%; top: 0.0000%;" loading="lazy" decoding="async" fetchpriority="low" draggable="false"&gt;&lt;/div&gt;&lt;div class="ob-avatar-asset ob-avatar-svg ob-avatar-svg--outfit ob-avatar-svg--shoes" aria-hidden="true"&gt;&lt;img class="ob-avatar-sprite__image" src="http://localhost/avatar-assets/feet/boots/female/orange.png" alt="" style="width: 1300.0000%; height: 2100.0000%; left: 0.0000%; top: 0.0000%;" loading="lazy" decoding="async" fetchpriority="low" draggable="false"&gt;&lt;/div&gt;&lt;div class="ob-avatar-asset ob-avatar-svg ob-avatar-svg--outfit ob-avatar-svg--top" aria-hidden="true"&gt;&lt;img class="ob-avatar-sprite__image" src="http://localhost/avatar-assets/torso/clothes/tunic/female/orange.png" alt="" style="width: 1300.0000%; height: 2100.0000%; left: 0.0000%; top: 0.0000%;" loading="lazy" decoding="async" fetchpriority="low" draggable="false"&gt;&lt;/div&gt;\n
        &lt;div class="ob-avatar-asset ob-avatar-svg ob-avatar-svg--hair" aria-hidden="true"&gt;&lt;img class="ob-avatar-sprite__image" src="http://localhost/avatar-assets/hairs/bob/female/black.png" alt="" style="width: 1300.0000%; height: 2100.0000%; left: 0.0000%; top: -200.0000%;" loading="lazy" decoding="async" fetchpriority="low" draggable="false"&gt;&lt;/div&gt;\n
        \n
    &lt;/div&gt;\n
&lt;/div&gt;\n
        &lt;/span&gt;\n
\n
        &lt;span class="min-w-0 flex-1"&gt;\n
            &lt;span class="flex items-start justify-between gap-3"&gt;\n
                &lt;span class="space-y-2"&gt;\n
                    &lt;span class="inline-flex items-center gap-2 rounded-full bg-white/70 px-3 py-1 text-xs font-semibold uppercase tracking-[0.16em] text-stone-700 shadow-sm"&gt;\n
                        &lt;span&gt;EC&lt;/span&gt;\n
                        &lt;span&gt;Compagnon&lt;/span&gt;\n
                    &lt;/span&gt;\n
                    &lt;span class="block rs-display text-[2rem] leading-none text-stone-950"&gt;Éclaireur&lt;/span&gt;\n
                &lt;/span&gt;\n
                &lt;span class="ob-choice-indicator shrink-0"&gt;&lt;/span&gt;\n
            &lt;/span&gt;\n
\n
            &lt;span class="mt-3 block text-sm font-semibold text-stone-900"&gt;Agit rapidement&lt;/span&gt;\n
\n
                            &lt;span class="mt-2 block text-sm leading-6 text-stone-600"&gt;Teste, avance et s’adapte en continu.&lt;/span&gt;\n
                    &lt;/span&gt;\n
    &lt;/span&gt;\n
&lt;/label&gt;\n
                                                    &lt;/div&gt;\n
\n
                        &lt;div class="flex flex-col-reverse gap-3 pt-2 sm:flex-row sm:justify-between"&gt;\n
                            &lt;button\n
    type="button"\n
    class="inline-flex w-full items-center justify-center rounded-[1.2rem] px-5 py-4 text-base font-semibold transition duration-200 disabled:cursor-not-allowed disabled:opacity-45 sm:w-auto border border-stone-300 bg-white text-stone-900 hover:-translate-y-0.5 hover:border-stone-500 hover:bg-stone-50" data-step-prev="1"\n
&gt;\n
    Retour\n
&lt;/button&gt;\n
                            &lt;button\n
    type="button"\n
    class="inline-flex w-full items-center justify-center rounded-[1.2rem] px-5 py-4 text-base font-semibold transition duration-200 disabled:cursor-not-allowed disabled:opacity-45 sm:w-auto bg-stone-950 text-white shadow-[0_18px_32px_rgba(15,23,42,0.16)] hover:-translate-y-0.5 hover:bg-stone-800 hover:shadow-[0_22px_38px_rgba(15,23,42,0.18)]" data-step-next="3" data-requires="step-2"\n
&gt;\n
    Suivant\n
&lt;/button&gt;\n
                        &lt;/div&gt;\n
    &lt;/div&gt;\n
&lt;/section&gt;\n
\n
                    &lt;section\n
    data-onboarding-panel="3"\n
    class="ob-step-card rounded-[2rem] border border-stone-200 bg-white p-5 shadow-[0_20px_40px_rgba(15,23,42,0.08)] sm:p-6 hidden"\n
&gt;\n
    &lt;header class="space-y-3"&gt;\n
        &lt;p class="ob-kicker text-stone-500"&gt;Étape 3&lt;/p&gt;\n
        &lt;div class="space-y-2"&gt;\n
            &lt;h2 class="rs-display text-4xl leading-none text-stone-950 sm:text-[2.75rem]"&gt;Prêt pour votre première mission ?&lt;/h2&gt;\n
            &lt;p class="max-w-2xl text-sm leading-7 text-stone-600 sm:text-base"&gt;Vérifiez votre profil, puis partez en mission.&lt;/p&gt;\n
        &lt;/div&gt;\n
    &lt;/header&gt;\n
\n
    &lt;div class="mt-6 space-y-6"&gt;\n
        &lt;div class="grid gap-4"&gt;\n
                            &lt;section class="rounded-[1.5rem] border border-stone-200 bg-stone-50 px-4 py-4"&gt;\n
                                &lt;p class="text-[11px] font-semibold uppercase tracking-[0.18em] text-stone-500"&gt;Nom de héros&lt;/p&gt;\n
                                &lt;p class="mt-2 rs-display text-3xl text-stone-950" data-summary-nickname&gt;Votre héros&lt;/p&gt;\n
                            &lt;/section&gt;\n
\n
                            &lt;section class="rounded-[1.5rem] border border-stone-200 bg-stone-50 px-4 py-4"&gt;\n
                                &lt;p class="text-[11px] font-semibold uppercase tracking-[0.18em] text-stone-500"&gt;Compagnon choisi&lt;/p&gt;\n
                                &lt;p class="mt-2 text-lg font-semibold text-stone-900" data-summary-class&gt;Choisir un compagnon&lt;/p&gt;\n
                            &lt;/section&gt;\n
\n
                            &lt;section class="rounded-[1.6rem] border border-stone-200 bg-stone-50 px-4 py-4"&gt;\n
                                &lt;div class="flex items-start justify-between gap-3"&gt;\n
                                    &lt;div&gt;\n
                                        &lt;p class="text-[11px] font-semibold uppercase tracking-[0.18em] text-stone-500"&gt;Compagnons&lt;/p&gt;\n
                                        &lt;p class="mt-2 text-sm text-stone-600"&gt;Vous pourrez entraîner toute votre équipe.&lt;/p&gt;\n
                                    &lt;/div&gt;\n
                                &lt;/div&gt;\n
\n
                                &lt;div class="mt-4 grid gap-3"&gt;\n
                                                                            &lt;article\n
    class="ob-companion-chip"\n
    data-summary-companion="stratege"\n
&gt;\n
    &lt;div class="flex items-center gap-3"&gt;\n
        &lt;span class="text-2xl leading-none"&gt;ST&lt;/span&gt;\n
        &lt;div&gt;\n
            &lt;p class="font-semibold text-stone-900"&gt;Stratège&lt;/p&gt;\n
            &lt;p class="text-sm text-stone-600"&gt;Anticipe et planifie&lt;/p&gt;\n
        &lt;/div&gt;\n
    &lt;/div&gt;\n
&lt;/article&gt;\n
                                                                            &lt;article\n
    class="ob-companion-chip"\n
    data-summary-companion="observateur"\n
&gt;\n
    &lt;div class="flex items-center gap-3"&gt;\n
        &lt;span class="text-2xl leading-none"&gt;OB&lt;/span&gt;\n
        &lt;div&gt;\n
            &lt;p class="font-semibold text-stone-900"&gt;Observateur&lt;/p&gt;\n
            &lt;p class="text-sm text-stone-600"&gt;Repère les détails&lt;/p&gt;\n
        &lt;/div&gt;\n
    &lt;/div&gt;\n
&lt;/article&gt;\n
                                                                            &lt;article\n
    class="ob-companion-chip"\n
    data-summary-companion="eclaireur"\n
&gt;\n
    &lt;div class="flex items-center gap-3"&gt;\n
        &lt;span class="text-2xl leading-none"&gt;EC&lt;/span&gt;\n
        &lt;div&gt;\n
            &lt;p class="font-semibold text-stone-900"&gt;Éclaireur&lt;/p&gt;\n
            &lt;p class="text-sm text-stone-600"&gt;Agit rapidement&lt;/p&gt;\n
        &lt;/div&gt;\n
    &lt;/div&gt;\n
&lt;/article&gt;\n
                                                                    &lt;/div&gt;\n
                            &lt;/section&gt;\n
                        &lt;/div&gt;\n
\n
                        &lt;div class="flex flex-col-reverse gap-3 pt-2 sm:flex-row sm:justify-between"&gt;\n
                            &lt;button\n
    type="button"\n
    class="inline-flex w-full items-center justify-center rounded-[1.2rem] px-5 py-4 text-base font-semibold transition duration-200 disabled:cursor-not-allowed disabled:opacity-45 sm:w-auto border border-stone-300 bg-white text-stone-900 hover:-translate-y-0.5 hover:border-stone-500 hover:bg-stone-50" data-step-prev="2"\n
&gt;\n
    Retour\n
&lt;/button&gt;\n
                            &lt;button\n
    type="submit"\n
    class="inline-flex w-full items-center justify-center rounded-[1.2rem] px-5 py-4 text-base font-semibold transition duration-200 disabled:cursor-not-allowed disabled:opacity-45 sm:w-auto bg-stone-950 text-white shadow-[0_18px_32px_rgba(15,23,42,0.16)] hover:-translate-y-0.5 hover:bg-stone-800 hover:shadow-[0_22px_38px_rgba(15,23,42,0.18)]" data-submit-onboarding="data-submit-onboarding"\n
&gt;\n
    Lancer votre première mission\n
&lt;/button&gt;\n
                        &lt;/div&gt;\n
    &lt;/div&gt;\n
&lt;/section&gt;\n
                &lt;/div&gt;\n
            &lt;/form&gt;\n
        &lt;/main&gt;\n
    &lt;!-- Livewire Scripts --&gt;\n
&lt;script src="http://localhost/livewire-8d65c19b/livewire.js?id=ab6b028c"   data-csrf="U2ubaqnyFmXpkfQ2onYU75oCBBFIgxFBUi9pRlxT" data-module-url="http://localhost/livewire-8d65c19b" data-update-uri="http://localhost/livewire-8d65c19b/update" data-navigate-once="true"&gt;&lt;/script&gt;\n
&lt;/body&gt;\n
&lt;/html&gt;\n
' [UTF-8](length: 362800) contains "Crée ton héros" [UTF-8](length: 16).

/Users/stephanie/Documents/code/Codex/vendor/laravel/framework/src/Illuminate/Testing/TestResponseAssert.php:45
/Users/stephanie/Documents/code/Codex/vendor/laravel/framework/src/Illuminate/Testing/TestResponse.php:711
/Users/stephanie/Documents/code/Codex/tests/Feature/OnboardingTest.php:25</failure>
        </testcase>
        <testcase name="test_onboarding_creates_avatar_assigns_starters_and_redirects_to_hub" file="/Users/stephanie/Documents/code/Codex/tests/Feature/OnboardingTest.php" line="39" class="Tests\Feature\OnboardingTest" classname="Tests.Feature.OnboardingTest" assertions="17" time="0.086615"/>
        <testcase name="test_onboarding_reports_missing_starter_companions" file="/Users/stephanie/Documents/code/Codex/tests/Feature/OnboardingTest.php" line="100" class="Tests\Feature\OnboardingTest" classname="Tests.Feature.OnboardingTest" assertions="2" time="0.054962"/>
        <testcase name="test_hair_variants_endpoint_returns_model_payload" file="/Users/stephanie/Documents/code/Codex/tests/Feature/OnboardingTest.php" line="122" class="Tests\Feature\OnboardingTest" classname="Tests.Feature.OnboardingTest" assertions="9" time="0.048799"/>
      </testsuite>
      <testsuite name="Tests\Feature\Settings\ProfileUpdateTest" file="/Users/stephanie/Documents/code/Codex/tests/Feature/Settings/ProfileUpdateTest.php" tests="5" assertions="16" errors="0" failures="0" skipped="0" time="0.480145">
        <testcase name="test_profile_page_is_displayed" file="/Users/stephanie/Documents/code/Codex/tests/Feature/Settings/ProfileUpdateTest.php" line="14" class="Tests\Feature\Settings\ProfileUpdateTest" classname="Tests.Feature.Settings.ProfileUpdateTest" assertions="1" time="0.033167"/>
        <testcase name="test_profile_information_can_be_updated" file="/Users/stephanie/Documents/code/Codex/tests/Feature/Settings/ProfileUpdateTest.php" line="21" class="Tests\Feature\Settings\ProfileUpdateTest" classname="Tests.Feature.Settings.ProfileUpdateTest" assertions="4" time="0.029966"/>
        <testcase name="test_email_verification_status_is_unchanged_when_email_address_is_unchanged" file="/Users/stephanie/Documents/code/Codex/tests/Feature/Settings/ProfileUpdateTest.php" line="41" class="Tests\Feature\Settings\ProfileUpdateTest" classname="Tests.Feature.Settings.ProfileUpdateTest" assertions="2" time="0.028827"/>
        <testcase name="test_user_can_delete_their_account" file="/Users/stephanie/Documents/code/Codex/tests/Feature/Settings/ProfileUpdateTest.php" line="57" class="Tests\Feature\Settings\ProfileUpdateTest" classname="Tests.Feature.Settings.ProfileUpdateTest" assertions="5" time="0.190431"/>
        <testcase name="test_correct_password_must_be_provided_to_delete_account" file="/Users/stephanie/Documents/code/Codex/tests/Feature/Settings/ProfileUpdateTest.php" line="75" class="Tests\Feature\Settings\ProfileUpdateTest" classname="Tests.Feature.Settings.ProfileUpdateTest" assertions="4" time="0.197754"/>
      </testsuite>
      <testsuite name="Tests\Feature\Settings\SecurityTest" file="/Users/stephanie/Documents/code/Codex/tests/Feature/Settings/SecurityTest.php" tests="6" assertions="15" errors="0" failures="0" skipped="0" time="1.227664">
        <testcase name="test_security_settings_page_can_be_rendered" file="/Users/stephanie/Documents/code/Codex/tests/Feature/Settings/SecurityTest.php" line="28" class="Tests\Feature\Settings\SecurityTest" classname="Tests.Feature.Settings.SecurityTest" assertions="3" time="0.044147"/>
        <testcase name="test_security_settings_page_requires_password_confirmation_when_enabled" file="/Users/stephanie/Documents/code/Codex/tests/Feature/Settings/SecurityTest.php" line="40" class="Tests\Feature\Settings\SecurityTest" classname="Tests.Feature.Settings.SecurityTest" assertions="2" time="0.017275"/>
        <testcase name="test_security_settings_page_renders_without_two_factor_when_feature_is_disabled" file="/Users/stephanie/Documents/code/Codex/tests/Feature/Settings/SecurityTest.php" line="50" class="Tests\Feature\Settings\SecurityTest" classname="Tests.Feature.Settings.SecurityTest" assertions="3" time="0.029265"/>
        <testcase name="test_two_factor_authentication_disabled_when_confirmation_abandoned_between_requests" file="/Users/stephanie/Documents/code/Codex/tests/Feature/Settings/SecurityTest.php" line="64" class="Tests\Feature\Settings\SecurityTest" classname="Tests.Feature.Settings.SecurityTest" assertions="2" time="0.019779"/>
        <testcase name="test_password_can_be_updated" file="/Users/stephanie/Documents/code/Codex/tests/Feature/Settings/SecurityTest.php" line="87" class="Tests\Feature\Settings\SecurityTest" classname="Tests.Feature.Settings.SecurityTest" assertions="2" time="0.729800"/>
        <testcase name="test_correct_password_must_be_provided_to_update_password" file="/Users/stephanie/Documents/code/Codex/tests/Feature/Settings/SecurityTest.php" line="106" class="Tests\Feature\Settings\SecurityTest" classname="Tests.Feature.Settings.SecurityTest" assertions="3" time="0.387398"/>
      </testsuite>
      <testsuite name="Tests\Feature\TrainingFlowTest" file="/Users/stephanie/Documents/code/Codex/tests/Feature/TrainingFlowTest.php" tests="1" assertions="21" errors="0" failures="0" skipped="0" time="0.062213">
        <testcase name="test_user_can_complete_a_training_quiz_flow" file="/Users/stephanie/Documents/code/Codex/tests/Feature/TrainingFlowTest.php" line="18" class="Tests\Feature\TrainingFlowTest" classname="Tests.Feature.TrainingFlowTest" assertions="21" time="0.062213"/>
      </testsuite>
    </testsuite>
  </testsuite>
</testsuites>
